{"C:\\SAPDevelop\\VSCode\\Projects\\Newtry\\src\\App.js": {"path":"C:\\SAPDevelop\\VSCode\\Projects\\Newtry\\src\\App.js","statementMap":{"0":{"start":{"line":12,"column":14},"end":{"line":12,"column":42}},"1":{"start":{"line":14,"column":12},"end":{"line":31,"column":1}},"2":{"start":{"line":15,"column":2},"end":{"line":30,"column":4}}},"fnMap":{"0":{"name":"(anonymous_0)","decl":{"start":{"line":14,"column":12},"end":{"line":14,"column":13}},"loc":{"start":{"line":14,"column":18},"end":{"line":31,"column":1}},"line":14}},"branchMap":{},"s":{"0":1,"1":1,"2":1},"f":{"0":1},"b":{},"_coverageSchema":"1a1c01bbd47fc00a2c39e90264f33305004495a9","hash":"8bdcb6165be9029c0888e14636370b4048faa4f6"}
,"C:\\SAPDevelop\\VSCode\\Projects\\Newtry\\src\\CloudFunctionsWrapper.js": {"path":"C:\\SAPDevelop\\VSCode\\Projects\\Newtry\\src\\CloudFunctionsWrapper.js","statementMap":{"0":{"start":{"line":6,"column":18},"end":{"line":6,"column":58}},"1":{"start":{"line":9,"column":2},"end":{"line":31,"column":5}},"2":{"start":{"line":10,"column":17},"end":{"line":10,"column":38}},"3":{"start":{"line":11,"column":22},"end":{"line":11,"column":37}},"4":{"start":{"line":12,"column":20},"end":{"line":20,"column":5}},"5":{"start":{"line":21,"column":4},"end":{"line":30,"column":6}},"6":{"start":{"line":35,"column":2},"end":{"line":38,"column":5}},"7":{"start":{"line":36,"column":17},"end":{"line":36,"column":30}},"8":{"start":{"line":37,"column":4},"end":{"line":37,"column":43}},"9":{"start":{"line":37,"column":31},"end":{"line":37,"column":41}},"10":{"start":{"line":42,"column":2},"end":{"line":56,"column":7}},"11":{"start":{"line":45,"column":6},"end":{"line":50,"column":7}},"12":{"start":{"line":49,"column":8},"end":{"line":49,"column":28}},"13":{"start":{"line":51,"column":6},"end":{"line":51,"column":31}},"14":{"start":{"line":54,"column":6},"end":{"line":54,"column":62}},"15":{"start":{"line":55,"column":6},"end":{"line":55,"column":19}}},"fnMap":{"0":{"name":"getProductByGTIN","decl":{"start":{"line":8,"column":9},"end":{"line":8,"column":25}},"loc":{"start":{"line":8,"column":34},"end":{"line":32,"column":1}},"line":8},"1":{"name":"(anonymous_1)","decl":{"start":{"line":9,"column":53},"end":{"line":9,"column":54}},"loc":{"start":{"line":9,"column":65},"end":{"line":31,"column":3}},"line":9},"2":{"name":"searchProducts","decl":{"start":{"line":34,"column":9},"end":{"line":34,"column":23}},"loc":{"start":{"line":34,"column":38},"end":{"line":39,"column":1}},"line":34},"3":{"name":"(anonymous_3)","decl":{"start":{"line":35,"column":63},"end":{"line":35,"column":64}},"loc":{"start":{"line":35,"column":75},"end":{"line":38,"column":3}},"line":35},"4":{"name":"(anonymous_4)","decl":{"start":{"line":37,"column":20},"end":{"line":37,"column":21}},"loc":{"start":{"line":37,"column":31},"end":{"line":37,"column":41}},"line":37},"5":{"name":"callCloudFunction","decl":{"start":{"line":41,"column":15},"end":{"line":41,"column":32}},"loc":{"start":{"line":41,"column":68},"end":{"line":57,"column":1}},"line":41},"6":{"name":"(anonymous_6)","decl":{"start":{"line":44,"column":10},"end":{"line":44,"column":11}},"loc":{"start":{"line":44,"column":22},"end":{"line":52,"column":5}},"line":44},"7":{"name":"(anonymous_7)","decl":{"start":{"line":53,"column":11},"end":{"line":53,"column":12}},"loc":{"start":{"line":53,"column":21},"end":{"line":56,"column":5}},"line":53}},"branchMap":{"0":{"loc":{"start":{"line":26,"column":6},"end":{"line":26,"column":55}},"type":"binary-expr","locations":[{"start":{"line":26,"column":6},"end":{"line":26,"column":30}},{"start":{"line":26,"column":34},"end":{"line":26,"column":55}}],"line":26},"1":{"loc":{"start":{"line":28,"column":6},"end":{"line":28,"column":48}},"type":"binary-expr","locations":[{"start":{"line":28,"column":6},"end":{"line":28,"column":40}},{"start":{"line":28,"column":44},"end":{"line":28,"column":48}}],"line":28},"2":{"loc":{"start":{"line":28,"column":7},"end":{"line":28,"column":33}},"type":"binary-expr","locations":[{"start":{"line":28,"column":7},"end":{"line":28,"column":27}},{"start":{"line":28,"column":31},"end":{"line":28,"column":33}}],"line":28},"3":{"loc":{"start":{"line":45,"column":6},"end":{"line":50,"column":7}},"type":"if","locations":[{"start":{"line":45,"column":6},"end":{"line":50,"column":7}},{"start":{},"end":{}}],"line":45},"4":{"loc":{"start":{"line":46,"column":8},"end":{"line":47,"column":40}},"type":"binary-expr","locations":[{"start":{"line":46,"column":8},"end":{"line":46,"column":42}},{"start":{"line":47,"column":8},"end":{"line":47,"column":40}}],"line":46}},"s":{"0":2,"1":0,"2":0,"3":0,"4":0,"5":0,"6":0,"7":0,"8":0,"9":0,"10":0,"11":0,"12":0,"13":0,"14":0,"15":0},"f":{"0":0,"1":0,"2":0,"3":0,"4":0,"5":0,"6":0,"7":0},"b":{"0":[0,0],"1":[0,0],"2":[0,0],"3":[0,0],"4":[0,0]},"_coverageSchema":"1a1c01bbd47fc00a2c39e90264f33305004495a9","hash":"b6e72de37325ed3574e505311390eab56dc3dca2"}
,"C:\\SAPDevelop\\VSCode\\Projects\\Newtry\\src\\components\\Authentication.js": {"path":"C:\\SAPDevelop\\VSCode\\Projects\\Newtry\\src\\components\\Authentication.js","statementMap":{"0":{"start":{"line":5,"column":0},"end":{"line":8,"column":3}},"1":{"start":{"line":10,"column":13},"end":{"line":10,"column":17}},"2":{"start":{"line":12,"column":27},"end":{"line":15,"column":2}},"3":{"start":{"line":17,"column":28},"end":{"line":49,"column":1}},"4":{"start":{"line":19,"column":42},"end":{"line":19,"column":56}},"5":{"start":{"line":20,"column":26},"end":{"line":20,"column":36}},"6":{"start":{"line":24,"column":4},"end":{"line":24,"column":18}},"7":{"start":{"line":25,"column":4},"end":{"line":27,"column":5}},"8":{"start":{"line":26,"column":6},"end":{"line":26,"column":29}},"9":{"start":{"line":30,"column":2},"end":{"line":33,"column":5}},"10":{"start":{"line":31,"column":24},"end":{"line":31,"column":69}},"11":{"start":{"line":32,"column":4},"end":{"line":32,"column":23}},"12":{"start":{"line":36,"column":2},"end":{"line":38,"column":3}},"13":{"start":{"line":37,"column":4},"end":{"line":37,"column":16}},"14":{"start":{"line":40,"column":2},"end":{"line":48,"column":4}}},"fnMap":{"0":{"name":"(anonymous_0)","decl":{"start":{"line":14,"column":11},"end":{"line":14,"column":12}},"loc":{"start":{"line":14,"column":17},"end":{"line":14,"column":19}},"line":14},"1":{"name":"(anonymous_1)","decl":{"start":{"line":17,"column":28},"end":{"line":17,"column":29}},"loc":{"start":{"line":17,"column":44},"end":{"line":49,"column":1}},"line":17},"2":{"name":"onAuthStateChanged","decl":{"start":{"line":23,"column":11},"end":{"line":23,"column":29}},"loc":{"start":{"line":23,"column":36},"end":{"line":28,"column":3}},"line":23},"3":{"name":"(anonymous_3)","decl":{"start":{"line":30,"column":12},"end":{"line":30,"column":13}},"loc":{"start":{"line":30,"column":18},"end":{"line":33,"column":3}},"line":30}},"branchMap":{"0":{"loc":{"start":{"line":25,"column":4},"end":{"line":27,"column":5}},"type":"if","locations":[{"start":{"line":25,"column":4},"end":{"line":27,"column":5}},{"start":{},"end":{}}],"line":25},"1":{"loc":{"start":{"line":36,"column":2},"end":{"line":38,"column":3}},"type":"if","locations":[{"start":{"line":36,"column":2},"end":{"line":38,"column":3}},{"start":{},"end":{}}],"line":36}},"s":{"0":1,"1":1,"2":1,"3":1,"4":0,"5":0,"6":0,"7":0,"8":0,"9":0,"10":0,"11":0,"12":0,"13":0,"14":0},"f":{"0":0,"1":0,"2":0,"3":0},"b":{"0":[0,0],"1":[0,0]},"_coverageSchema":"1a1c01bbd47fc00a2c39e90264f33305004495a9","hash":"09e6de381f78b6803f2313c6cdeb7e4c10f6a6e8"}
,"C:\\SAPDevelop\\VSCode\\Projects\\Newtry\\src\\components\\Renderif.js": {"path":"C:\\SAPDevelop\\VSCode\\Projects\\Newtry\\src\\components\\Renderif.js","statementMap":{"0":{"start":{"line":2,"column":19},"end":{"line":2,"column":55}},"1":{"start":{"line":2,"column":28},"end":{"line":2,"column":55}},"2":{"start":{"line":3,"column":28},"end":{"line":4,"column":76}},"3":{"start":{"line":4,"column":2},"end":{"line":4,"column":76}}},"fnMap":{"0":{"name":"(anonymous_0)","decl":{"start":{"line":2,"column":19},"end":{"line":2,"column":20}},"loc":{"start":{"line":2,"column":28},"end":{"line":2,"column":55}},"line":2},"1":{"name":"(anonymous_1)","decl":{"start":{"line":3,"column":15},"end":{"line":3,"column":16}},"loc":{"start":{"line":3,"column":28},"end":{"line":4,"column":76}},"line":3},"2":{"name":"(anonymous_2)","decl":{"start":{"line":3,"column":28},"end":{"line":3,"column":29}},"loc":{"start":{"line":4,"column":2},"end":{"line":4,"column":76}},"line":4}},"branchMap":{"0":{"loc":{"start":{"line":4,"column":2},"end":{"line":4,"column":76}},"type":"cond-expr","locations":[{"start":{"line":4,"column":15},"end":{"line":4,"column":68}},{"start":{"line":4,"column":72},"end":{"line":4,"column":76}}],"line":4},"1":{"loc":{"start":{"line":4,"column":15},"end":{"line":4,"column":68}},"type":"cond-expr","locations":[{"start":{"line":4,"column":41},"end":{"line":4,"column":54}},{"start":{"line":4,"column":57},"end":{"line":4,"column":68}}],"line":4}},"s":{"0":1,"1":0,"2":0,"3":0},"f":{"0":0,"1":0,"2":0},"b":{"0":[0,0],"1":[0,0]},"_coverageSchema":"1a1c01bbd47fc00a2c39e90264f33305004495a9","hash":"b55b302236b012dcd3972b034eb882d3e03e5483"}
,"C:\\SAPDevelop\\VSCode\\Projects\\Newtry\\src\\components\\TextInput.component.js": {"path":"C:\\SAPDevelop\\VSCode\\Projects\\Newtry\\src\\components\\TextInput.component.js","statementMap":{"0":{"start":{"line":12,"column":28},"end":{"line":12,"column":38}},"1":{"start":{"line":13,"column":28},"end":{"line":13,"column":38}},"2":{"start":{"line":14,"column":2},"end":{"line":50,"column":4}},"3":{"start":{"line":22,"column":26},"end":{"line":22,"column":47}},"4":{"start":{"line":23,"column":12},"end":{"line":25,"column":13}},"5":{"start":{"line":24,"column":14},"end":{"line":24,"column":42}},"6":{"start":{"line":26,"column":12},"end":{"line":34,"column":13}},"7":{"start":{"line":27,"column":14},"end":{"line":27,"column":29}},"8":{"start":{"line":28,"column":14},"end":{"line":28,"column":33}},"9":{"start":{"line":29,"column":14},"end":{"line":31,"column":15}},"10":{"start":{"line":30,"column":16},"end":{"line":30,"column":32}},"11":{"start":{"line":33,"column":14},"end":{"line":33,"column":32}},"12":{"start":{"line":38,"column":43},"end":{"line":38,"column":55}},"13":{"start":{"line":52,"column":15},"end":{"line":92,"column":2}}},"fnMap":{"0":{"name":"Searchbar","decl":{"start":{"line":11,"column":24},"end":{"line":11,"column":33}},"loc":{"start":{"line":11,"column":64},"end":{"line":51,"column":1}},"line":11},"1":{"name":"(anonymous_1)","decl":{"start":{"line":21,"column":24},"end":{"line":21,"column":25}},"loc":{"start":{"line":21,"column":32},"end":{"line":35,"column":11}},"line":21},"2":{"name":"(anonymous_2)","decl":{"start":{"line":38,"column":37},"end":{"line":38,"column":38}},"loc":{"start":{"line":38,"column":43},"end":{"line":38,"column":55}},"line":38}},"branchMap":{"0":{"loc":{"start":{"line":23,"column":12},"end":{"line":25,"column":13}},"type":"if","locations":[{"start":{"line":23,"column":12},"end":{"line":25,"column":13}},{"start":{},"end":{}}],"line":23},"1":{"loc":{"start":{"line":26,"column":12},"end":{"line":34,"column":13}},"type":"if","locations":[{"start":{"line":26,"column":12},"end":{"line":34,"column":13}},{"start":{"line":32,"column":19},"end":{"line":34,"column":13}}],"line":26},"2":{"loc":{"start":{"line":29,"column":14},"end":{"line":31,"column":15}},"type":"if","locations":[{"start":{"line":29,"column":14},"end":{"line":31,"column":15}},{"start":{},"end":{}}],"line":29},"3":{"loc":{"start":{"line":37,"column":9},"end":{"line":46,"column":9}},"type":"cond-expr","locations":[{"start":{"line":38,"column":10},"end":{"line":43,"column":29}},{"start":{"line":45,"column":10},"end":{"line":45,"column":41}}],"line":37},"4":{"loc":{"start":{"line":48,"column":7},"end":{"line":48,"column":60}},"type":"binary-expr","locations":[{"start":{"line":48,"column":7},"end":{"line":48,"column":12}},{"start":{"line":48,"column":16},"end":{"line":48,"column":60}}],"line":48}},"s":{"0":0,"1":0,"2":0,"3":0,"4":0,"5":0,"6":0,"7":0,"8":0,"9":0,"10":0,"11":0,"12":0,"13":1},"f":{"0":0,"1":0,"2":0},"b":{"0":[0,0],"1":[0,0],"2":[0,0],"3":[0,0],"4":[0,0]},"_coverageSchema":"1a1c01bbd47fc00a2c39e90264f33305004495a9","hash":"25567e8eb9ac4014a45e9d4d9ad8175d69c75e9a"}
,"C:\\SAPDevelop\\VSCode\\Projects\\Newtry\\src\\components\\Translations.js": {"path":"C:\\SAPDevelop\\VSCode\\Projects\\Newtry\\src\\components\\Translations.js","statementMap":{"0":{"start":{"line":8,"column":25},"end":{"line":8,"column":29}},"1":{"start":{"line":9,"column":21},"end":{"line":9,"column":34}},"2":{"start":{"line":11,"column":18},"end":{"line":11,"column":26}},"3":{"start":{"line":13,"column":21},"end":{"line":13,"column":52}},"4":{"start":{"line":15,"column":35},"end":{"line":20,"column":2}},"5":{"start":{"line":22,"column":36},"end":{"line":61,"column":1}},"6":{"start":{"line":23,"column":40},"end":{"line":23,"column":66}},"7":{"start":{"line":24,"column":22},"end":{"line":28,"column":3}},"8":{"start":{"line":25,"column":4},"end":{"line":25,"column":39}},"9":{"start":{"line":26,"column":4},"end":{"line":26,"column":29}},"10":{"start":{"line":27,"column":4},"end":{"line":27,"column":49}},"11":{"start":{"line":29,"column":32},"end":{"line":48,"column":3}},"12":{"start":{"line":30,"column":28},"end":{"line":30,"column":68}},"13":{"start":{"line":32,"column":4},"end":{"line":47,"column":5}},"14":{"start":{"line":33,"column":6},"end":{"line":33,"column":35}},"15":{"start":{"line":35,"column":23},"end":{"line":35,"column":39}},"16":{"start":{"line":36,"column":35},"end":{"line":36,"column":71}},"17":{"start":{"line":37,"column":31},"end":{"line":39,"column":7}},"18":{"start":{"line":38,"column":18},"end":{"line":38,"column":37}},"19":{"start":{"line":40,"column":6},"end":{"line":45,"column":9}},"20":{"start":{"line":41,"column":8},"end":{"line":44,"column":9}},"21":{"start":{"line":42,"column":10},"end":{"line":42,"column":28}},"22":{"start":{"line":43,"column":10},"end":{"line":43,"column":22}},"23":{"start":{"line":46,"column":6},"end":{"line":46,"column":30}},"24":{"start":{"line":50,"column":2},"end":{"line":60,"column":4}}},"fnMap":{"0":{"name":"(anonymous_0)","decl":{"start":{"line":17,"column":18},"end":{"line":17,"column":19}},"loc":{"start":{"line":17,"column":24},"end":{"line":17,"column":26}},"line":17},"1":{"name":"(anonymous_1)","decl":{"start":{"line":19,"column":25},"end":{"line":19,"column":26}},"loc":{"start":{"line":19,"column":31},"end":{"line":19,"column":33}},"line":19},"2":{"name":"(anonymous_2)","decl":{"start":{"line":22,"column":36},"end":{"line":22,"column":37}},"loc":{"start":{"line":22,"column":52},"end":{"line":61,"column":1}},"line":22},"3":{"name":"(anonymous_3)","decl":{"start":{"line":24,"column":22},"end":{"line":24,"column":23}},"loc":{"start":{"line":24,"column":34},"end":{"line":28,"column":3}},"line":24},"4":{"name":"(anonymous_4)","decl":{"start":{"line":29,"column":32},"end":{"line":29,"column":33}},"loc":{"start":{"line":29,"column":44},"end":{"line":48,"column":3}},"line":29},"5":{"name":"(anonymous_5)","decl":{"start":{"line":38,"column":8},"end":{"line":38,"column":9}},"loc":{"start":{"line":38,"column":18},"end":{"line":38,"column":37}},"line":38},"6":{"name":"(anonymous_6)","decl":{"start":{"line":40,"column":28},"end":{"line":40,"column":29}},"loc":{"start":{"line":40,"column":36},"end":{"line":45,"column":7}},"line":40}},"branchMap":{"0":{"loc":{"start":{"line":32,"column":4},"end":{"line":47,"column":5}},"type":"if","locations":[{"start":{"line":32,"column":4},"end":{"line":47,"column":5}},{"start":{"line":34,"column":11},"end":{"line":47,"column":5}}],"line":32},"1":{"loc":{"start":{"line":41,"column":8},"end":{"line":44,"column":9}},"type":"if","locations":[{"start":{"line":41,"column":8},"end":{"line":44,"column":9}},{"start":{},"end":{}}],"line":41}},"s":{"0":2,"1":2,"2":2,"3":2,"4":2,"5":2,"6":0,"7":0,"8":0,"9":0,"10":0,"11":0,"12":0,"13":0,"14":0,"15":0,"16":0,"17":0,"18":0,"19":0,"20":0,"21":0,"22":0,"23":0,"24":0},"f":{"0":0,"1":0,"2":0,"3":0,"4":0,"5":0,"6":0},"b":{"0":[0,0],"1":[0,0]},"_coverageSchema":"1a1c01bbd47fc00a2c39e90264f33305004495a9","hash":"4ae61713c2524d68e037485e4567cb5902b86af3"}
,"C:\\SAPDevelop\\VSCode\\Projects\\Newtry\\src\\navigation\\ProductView.js": {"path":"C:\\SAPDevelop\\VSCode\\Projects\\Newtry\\src\\navigation\\ProductView.js","statementMap":{"0":{"start":{"line":11,"column":25},"end":{"line":18,"column":1}},"1":{"start":{"line":12,"column":2},"end":{"line":12,"column":34}},"2":{"start":{"line":13,"column":16},"end":{"line":13,"column":42}},"3":{"start":{"line":14,"column":18},"end":{"line":14,"column":50}},"4":{"start":{"line":15,"column":2},"end":{"line":17,"column":41}},"5":{"start":{"line":16,"column":19},"end":{"line":16,"column":35}},"6":{"start":{"line":17,"column":22},"end":{"line":17,"column":39}},"7":{"start":{"line":20,"column":20},"end":{"line":114,"column":1}},"8":{"start":{"line":21,"column":25},"end":{"line":21,"column":56}},"9":{"start":{"line":22,"column":24},"end":{"line":24,"column":4}},"10":{"start":{"line":25,"column":2},"end":{"line":25,"column":33}},"11":{"start":{"line":26,"column":2},"end":{"line":26,"column":20}},"12":{"start":{"line":27,"column":2},"end":{"line":113,"column":3}},"13":{"start":{"line":28,"column":22},"end":{"line":31,"column":5}},"14":{"start":{"line":32,"column":16},"end":{"line":32,"column":30}},"15":{"start":{"line":33,"column":22},"end":{"line":41,"column":5}},"16":{"start":{"line":43,"column":4},"end":{"line":110,"column":6}},"17":{"start":{"line":51,"column":27},"end":{"line":51,"column":69}},"18":{"start":{"line":100,"column":16},"end":{"line":104,"column":18}},"19":{"start":{"line":112,"column":4},"end":{"line":112,"column":20}},"20":{"start":{"line":118,"column":15},"end":{"line":167,"column":2}}},"fnMap":{"0":{"name":"(anonymous_0)","decl":{"start":{"line":11,"column":25},"end":{"line":11,"column":26}},"loc":{"start":{"line":11,"column":40},"end":{"line":18,"column":1}},"line":11},"1":{"name":"(anonymous_1)","decl":{"start":{"line":16,"column":9},"end":{"line":16,"column":10}},"loc":{"start":{"line":16,"column":19},"end":{"line":16,"column":35}},"line":16},"2":{"name":"(anonymous_2)","decl":{"start":{"line":17,"column":12},"end":{"line":17,"column":13}},"loc":{"start":{"line":17,"column":22},"end":{"line":17,"column":39}},"line":17},"3":{"name":"(anonymous_3)","decl":{"start":{"line":20,"column":20},"end":{"line":20,"column":21}},"loc":{"start":{"line":20,"column":45},"end":{"line":114,"column":1}},"line":20},"4":{"name":"(anonymous_4)","decl":{"start":{"line":51,"column":21},"end":{"line":51,"column":22}},"loc":{"start":{"line":51,"column":27},"end":{"line":51,"column":69}},"line":51},"5":{"name":"(anonymous_5)","decl":{"start":{"line":99,"column":54},"end":{"line":99,"column":55}},"loc":{"start":{"line":99,"column":65},"end":{"line":105,"column":15}},"line":99}},"branchMap":{"0":{"loc":{"start":{"line":12,"column":16},"end":{"line":12,"column":33}},"type":"binary-expr","locations":[{"start":{"line":12,"column":16},"end":{"line":12,"column":27}},{"start":{"line":12,"column":31},"end":{"line":12,"column":33}}],"line":12},"1":{"loc":{"start":{"line":27,"column":2},"end":{"line":113,"column":3}},"type":"if","locations":[{"start":{"line":27,"column":2},"end":{"line":113,"column":3}},{"start":{"line":111,"column":9},"end":{"line":113,"column":3}}],"line":27}},"s":{"0":2,"1":0,"2":0,"3":0,"4":0,"5":0,"6":0,"7":2,"8":1,"9":1,"10":1,"11":1,"12":1,"13":0,"14":0,"15":0,"16":0,"17":0,"18":0,"19":1,"20":2},"f":{"0":0,"1":0,"2":0,"3":1,"4":0,"5":0},"b":{"0":[0,0],"1":[0,1]},"_coverageSchema":"1a1c01bbd47fc00a2c39e90264f33305004495a9","hash":"173bc0a5b16ccbe711e74d93bc22588fa27b88d3"}
,"C:\\SAPDevelop\\VSCode\\Projects\\Newtry\\src\\navigation\\Tabs.js": {"path":"C:\\SAPDevelop\\VSCode\\Projects\\Newtry\\src\\navigation\\Tabs.js","statementMap":{"0":{"start":{"line":11,"column":12},"end":{"line":11,"column":38}},"1":{"start":{"line":14,"column":2},"end":{"line":26,"column":4}},"2":{"start":{"line":30,"column":2},"end":{"line":92,"column":4}},"3":{"start":{"line":33,"column":37},"end":{"line":43,"column":9}},"4":{"start":{"line":50,"column":14},"end":{"line":55,"column":21}},"5":{"start":{"line":66,"column":14},"end":{"line":69,"column":16}},"6":{"start":{"line":72,"column":35},"end":{"line":72,"column":60}},"7":{"start":{"line":81,"column":14},"end":{"line":86,"column":21}},"8":{"start":{"line":95,"column":15},"end":{"line":141,"column":2}}},"fnMap":{"0":{"name":"ScanTabBar","decl":{"start":{"line":13,"column":9},"end":{"line":13,"column":19}},"loc":{"start":{"line":13,"column":41},"end":{"line":27,"column":1}},"line":13},"1":{"name":"Tabs","decl":{"start":{"line":29,"column":9},"end":{"line":29,"column":13}},"loc":{"start":{"line":29,"column":16},"end":{"line":93,"column":1}},"line":29},"2":{"name":"(anonymous_2)","decl":{"start":{"line":33,"column":23},"end":{"line":33,"column":24}},"loc":{"start":{"line":33,"column":37},"end":{"line":43,"column":9}},"line":33},"3":{"name":"(anonymous_3)","decl":{"start":{"line":49,"column":24},"end":{"line":49,"column":25}},"loc":{"start":{"line":50,"column":14},"end":{"line":55,"column":21}},"line":50},"4":{"name":"(anonymous_4)","decl":{"start":{"line":65,"column":24},"end":{"line":65,"column":25}},"loc":{"start":{"line":66,"column":14},"end":{"line":69,"column":16}},"line":66},"5":{"name":"(anonymous_5)","decl":{"start":{"line":72,"column":26},"end":{"line":72,"column":27}},"loc":{"start":{"line":72,"column":35},"end":{"line":72,"column":60}},"line":72},"6":{"name":"(anonymous_6)","decl":{"start":{"line":80,"column":24},"end":{"line":80,"column":25}},"loc":{"start":{"line":81,"column":14},"end":{"line":86,"column":21}},"line":81}},"branchMap":{},"s":{"0":1,"1":0,"2":0,"3":0,"4":0,"5":0,"6":0,"7":0,"8":1},"f":{"0":0,"1":0,"2":0,"3":0,"4":0,"5":0,"6":0},"b":{},"_coverageSchema":"1a1c01bbd47fc00a2c39e90264f33305004495a9","hash":"9085d82ee6d7699e2aaf59d7959eb154a649dde3"}
,"C:\\SAPDevelop\\VSCode\\Projects\\Newtry\\src\\navigation\\screens\\HomeScreen.js": {"path":"C:\\SAPDevelop\\VSCode\\Projects\\Newtry\\src\\navigation\\screens\\HomeScreen.js","statementMap":{"0":{"start":{"line":9,"column":19},"end":{"line":116,"column":1}},"1":{"start":{"line":10,"column":40},"end":{"line":10,"column":58}},"2":{"start":{"line":11,"column":38},"end":{"line":11,"column":59}},"3":{"start":{"line":12,"column":48},"end":{"line":12,"column":79}},"4":{"start":{"line":13,"column":2},"end":{"line":13,"column":26}},"5":{"start":{"line":14,"column":36},"end":{"line":16,"column":4}},"6":{"start":{"line":18,"column":24},"end":{"line":30,"column":3}},"7":{"start":{"line":19,"column":4},"end":{"line":29,"column":23}},"8":{"start":{"line":21,"column":8},"end":{"line":21,"column":57}},"9":{"start":{"line":22,"column":8},"end":{"line":24,"column":15}},"10":{"start":{"line":23,"column":10},"end":{"line":23,"column":24}},"11":{"start":{"line":32,"column":21},"end":{"line":50,"column":3}},"12":{"start":{"line":33,"column":4},"end":{"line":33,"column":69}},"13":{"start":{"line":34,"column":4},"end":{"line":34,"column":24}},"14":{"start":{"line":35,"column":4},"end":{"line":49,"column":9}},"15":{"start":{"line":37,"column":18},"end":{"line":43,"column":10}},"16":{"start":{"line":38,"column":10},"end":{"line":42,"column":12}},"17":{"start":{"line":44,"column":8},"end":{"line":44,"column":24}},"18":{"start":{"line":47,"column":8},"end":{"line":47,"column":71}},"19":{"start":{"line":48,"column":8},"end":{"line":48,"column":39}},"20":{"start":{"line":52,"column":24},"end":{"line":64,"column":3}},"21":{"start":{"line":53,"column":4},"end":{"line":63,"column":23}},"22":{"start":{"line":55,"column":8},"end":{"line":55,"column":57}},"23":{"start":{"line":56,"column":8},"end":{"line":58,"column":15}},"24":{"start":{"line":57,"column":10},"end":{"line":57,"column":24}},"25":{"start":{"line":65,"column":22},"end":{"line":69,"column":3}},"26":{"start":{"line":66,"column":4},"end":{"line":66,"column":25}},"27":{"start":{"line":67,"column":4},"end":{"line":67,"column":69}},"28":{"start":{"line":68,"column":4},"end":{"line":68,"column":23}},"29":{"start":{"line":70,"column":30},"end":{"line":77,"column":3}},"30":{"start":{"line":71,"column":23},"end":{"line":71,"column":64}},"31":{"start":{"line":72,"column":4},"end":{"line":76,"column":6}},"32":{"start":{"line":74,"column":8},"end":{"line":74,"column":52}},"33":{"start":{"line":78,"column":2},"end":{"line":115,"column":4}},"34":{"start":{"line":120,"column":15},"end":{"line":181,"column":2}}},"fnMap":{"0":{"name":"(anonymous_0)","decl":{"start":{"line":9,"column":19},"end":{"line":9,"column":20}},"loc":{"start":{"line":9,"column":44},"end":{"line":116,"column":1}},"line":9},"1":{"name":"(anonymous_1)","decl":{"start":{"line":18,"column":24},"end":{"line":18,"column":25}},"loc":{"start":{"line":19,"column":4},"end":{"line":29,"column":23}},"line":19},"2":{"name":"(anonymous_2)","decl":{"start":{"line":20,"column":15},"end":{"line":20,"column":16}},"loc":{"start":{"line":20,"column":21},"end":{"line":25,"column":7}},"line":20},"3":{"name":"(anonymous_3)","decl":{"start":{"line":22,"column":19},"end":{"line":22,"column":20}},"loc":{"start":{"line":22,"column":31},"end":{"line":24,"column":9}},"line":22},"4":{"name":"(anonymous_4)","decl":{"start":{"line":32,"column":21},"end":{"line":32,"column":22}},"loc":{"start":{"line":32,"column":27},"end":{"line":50,"column":3}},"line":32},"5":{"name":"(anonymous_5)","decl":{"start":{"line":36,"column":12},"end":{"line":36,"column":13}},"loc":{"start":{"line":36,"column":22},"end":{"line":45,"column":7}},"line":36},"6":{"name":"(anonymous_6)","decl":{"start":{"line":37,"column":29},"end":{"line":37,"column":30}},"loc":{"start":{"line":37,"column":36},"end":{"line":43,"column":9}},"line":37},"7":{"name":"(anonymous_7)","decl":{"start":{"line":46,"column":13},"end":{"line":46,"column":14}},"loc":{"start":{"line":46,"column":22},"end":{"line":49,"column":7}},"line":46},"8":{"name":"(anonymous_8)","decl":{"start":{"line":52,"column":24},"end":{"line":52,"column":25}},"loc":{"start":{"line":53,"column":4},"end":{"line":63,"column":23}},"line":53},"9":{"name":"(anonymous_9)","decl":{"start":{"line":54,"column":15},"end":{"line":54,"column":16}},"loc":{"start":{"line":54,"column":21},"end":{"line":59,"column":7}},"line":54},"10":{"name":"(anonymous_10)","decl":{"start":{"line":56,"column":19},"end":{"line":56,"column":20}},"loc":{"start":{"line":56,"column":31},"end":{"line":58,"column":9}},"line":56},"11":{"name":"(anonymous_11)","decl":{"start":{"line":65,"column":22},"end":{"line":65,"column":23}},"loc":{"start":{"line":65,"column":28},"end":{"line":69,"column":3}},"line":65},"12":{"name":"(anonymous_12)","decl":{"start":{"line":70,"column":30},"end":{"line":70,"column":31}},"loc":{"start":{"line":70,"column":45},"end":{"line":77,"column":3}},"line":70},"13":{"name":"(anonymous_13)","decl":{"start":{"line":73,"column":21},"end":{"line":73,"column":22}},"loc":{"start":{"line":73,"column":35},"end":{"line":75,"column":7}},"line":73}},"branchMap":{},"s":{"0":1,"1":0,"2":0,"3":0,"4":0,"5":0,"6":0,"7":0,"8":0,"9":0,"10":0,"11":0,"12":0,"13":0,"14":0,"15":0,"16":0,"17":0,"18":0,"19":0,"20":0,"21":0,"22":0,"23":0,"24":0,"25":0,"26":0,"27":0,"28":0,"29":0,"30":0,"31":0,"32":0,"33":0,"34":1},"f":{"0":0,"1":0,"2":0,"3":0,"4":0,"5":0,"6":0,"7":0,"8":0,"9":0,"10":0,"11":0,"12":0,"13":0},"b":{},"_coverageSchema":"1a1c01bbd47fc00a2c39e90264f33305004495a9","hash":"effc0777cfd1038bac87f7d95e77fba43ec15ec2"}
,"C:\\SAPDevelop\\VSCode\\Projects\\Newtry\\src\\navigation\\screens\\ScanScreen.js": {"path":"C:\\SAPDevelop\\VSCode\\Projects\\Newtry\\src\\navigation\\screens\\ScanScreen.js","statementMap":{"0":{"start":{"line":7,"column":22},"end":{"line":10,"column":1}},"1":{"start":{"line":8,"column":23},"end":{"line":8,"column":29}},"2":{"start":{"line":9,"column":2},"end":{"line":9,"column":52}},"3":{"start":{"line":12,"column":19},"end":{"line":43,"column":1}},"4":{"start":{"line":13,"column":2},"end":{"line":13,"column":19}},"5":{"start":{"line":15,"column":2},"end":{"line":42,"column":4}},"6":{"start":{"line":30,"column":10},"end":{"line":32,"column":11}},"7":{"start":{"line":31,"column":12},"end":{"line":31,"column":50}},"8":{"start":{"line":33,"column":10},"end":{"line":38,"column":12}},"9":{"start":{"line":45,"column":15},"end":{"line":62,"column":2}}},"fnMap":{"0":{"name":"(anonymous_0)","decl":{"start":{"line":7,"column":22},"end":{"line":7,"column":23}},"loc":{"start":{"line":7,"column":27},"end":{"line":10,"column":1}},"line":7},"1":{"name":"(anonymous_1)","decl":{"start":{"line":12,"column":19},"end":{"line":12,"column":20}},"loc":{"start":{"line":12,"column":37},"end":{"line":43,"column":1}},"line":12},"2":{"name":"(anonymous_2)","decl":{"start":{"line":29,"column":9},"end":{"line":29,"column":10}},"loc":{"start":{"line":29,"column":23},"end":{"line":39,"column":9}},"line":29}},"branchMap":{"0":{"loc":{"start":{"line":30,"column":10},"end":{"line":32,"column":11}},"type":"if","locations":[{"start":{"line":30,"column":10},"end":{"line":32,"column":11}},{"start":{},"end":{}}],"line":30}},"s":{"0":1,"1":0,"2":0,"3":1,"4":0,"5":0,"6":0,"7":0,"8":0,"9":1},"f":{"0":0,"1":0,"2":0},"b":{"0":[0,0]},"_coverageSchema":"1a1c01bbd47fc00a2c39e90264f33305004495a9","hash":"04e86fae917e21ded4a506d9e976676613597906"}
,"C:\\SAPDevelop\\VSCode\\Projects\\Newtry\\src\\navigation\\screens\\SettingsScreen.js": {"path":"C:\\SAPDevelop\\VSCode\\Projects\\Newtry\\src\\navigation\\screens\\SettingsScreen.js","statementMap":{"0":{"start":{"line":13,"column":18},"end":{"line":72,"column":1}},"1":{"start":{"line":14,"column":36},"end":{"line":14,"column":51}},"2":{"start":{"line":15,"column":25},"end":{"line":15,"column":56}},"3":{"start":{"line":16,"column":26},"end":{"line":16,"column":49}},"4":{"start":{"line":18,"column":25},"end":{"line":35,"column":3}},"5":{"start":{"line":19,"column":4},"end":{"line":19,"column":23}},"6":{"start":{"line":20,"column":4},"end":{"line":20,"column":45}},"7":{"start":{"line":21,"column":4},"end":{"line":33,"column":5}},"8":{"start":{"line":22,"column":24},"end":{"line":22,"column":51}},"9":{"start":{"line":23,"column":31},"end":{"line":23,"column":74}},"10":{"start":{"line":24,"column":29},"end":{"line":26,"column":7}},"11":{"start":{"line":27,"column":6},"end":{"line":27,"column":35}},"12":{"start":{"line":28,"column":6},"end":{"line":28,"column":44}},"13":{"start":{"line":29,"column":6},"end":{"line":29,"column":34}},"14":{"start":{"line":31,"column":6},"end":{"line":31,"column":46}},"15":{"start":{"line":32,"column":6},"end":{"line":32,"column":22}},"16":{"start":{"line":34,"column":4},"end":{"line":34,"column":24}},"17":{"start":{"line":37,"column":25},"end":{"line":39,"column":3}},"18":{"start":{"line":38,"column":4},"end":{"line":38,"column":16}},"19":{"start":{"line":41,"column":19},"end":{"line":45,"column":3}},"20":{"start":{"line":42,"column":4},"end":{"line":42,"column":34}},"21":{"start":{"line":43,"column":4},"end":{"line":43,"column":21}},"22":{"start":{"line":44,"column":4},"end":{"line":44,"column":31}},"23":{"start":{"line":47,"column":2},"end":{"line":71,"column":3}},"24":{"start":{"line":49,"column":4},"end":{"line":57,"column":6}},"25":{"start":{"line":60,"column":4},"end":{"line":70,"column":6}},"26":{"start":{"line":74,"column":23},"end":{"line":124,"column":1}},"27":{"start":{"line":75,"column":28},"end":{"line":75,"column":38}},"28":{"start":{"line":79,"column":4},"end":{"line":79,"column":21}},"29":{"start":{"line":83,"column":4},"end":{"line":83,"column":35}},"30":{"start":{"line":85,"column":2},"end":{"line":123,"column":4}},"31":{"start":{"line":107,"column":10},"end":{"line":119,"column":21}},"32":{"start":{"line":111,"column":14},"end":{"line":111,"column":42}},"33":{"start":{"line":128,"column":15},"end":{"line":169,"column":2}}},"fnMap":{"0":{"name":"(anonymous_0)","decl":{"start":{"line":13,"column":18},"end":{"line":13,"column":19}},"loc":{"start":{"line":13,"column":24},"end":{"line":72,"column":1}},"line":13},"1":{"name":"(anonymous_1)","decl":{"start":{"line":18,"column":25},"end":{"line":18,"column":26}},"loc":{"start":{"line":18,"column":37},"end":{"line":35,"column":3}},"line":18},"2":{"name":"(anonymous_2)","decl":{"start":{"line":37,"column":25},"end":{"line":37,"column":26}},"loc":{"start":{"line":37,"column":31},"end":{"line":39,"column":3}},"line":37},"3":{"name":"(anonymous_3)","decl":{"start":{"line":41,"column":19},"end":{"line":41,"column":20}},"loc":{"start":{"line":41,"column":25},"end":{"line":45,"column":3}},"line":41},"4":{"name":"(anonymous_4)","decl":{"start":{"line":74,"column":23},"end":{"line":74,"column":24}},"loc":{"start":{"line":74,"column":29},"end":{"line":124,"column":1}},"line":74},"5":{"name":"updateSearch","decl":{"start":{"line":77,"column":11},"end":{"line":77,"column":23}},"loc":{"start":{"line":77,"column":29},"end":{"line":80,"column":3}},"line":77},"6":{"name":"(anonymous_6)","decl":{"start":{"line":106,"column":50},"end":{"line":106,"column":51}},"loc":{"start":{"line":107,"column":10},"end":{"line":119,"column":21}},"line":107},"7":{"name":"(anonymous_7)","decl":{"start":{"line":110,"column":21},"end":{"line":110,"column":22}},"loc":{"start":{"line":110,"column":27},"end":{"line":112,"column":13}},"line":110}},"branchMap":{"0":{"loc":{"start":{"line":47,"column":2},"end":{"line":71,"column":3}},"type":"if","locations":[{"start":{"line":47,"column":2},"end":{"line":71,"column":3}},{"start":{"line":58,"column":9},"end":{"line":71,"column":3}}],"line":47},"1":{"loc":{"start":{"line":116,"column":13},"end":{"line":118,"column":20}},"type":"cond-expr","locations":[{"start":{"line":117,"column":14},"end":{"line":117,"column":45}},{"start":{"line":118,"column":16},"end":{"line":118,"column":20}}],"line":116}},"s":{"0":1,"1":0,"2":0,"3":0,"4":0,"5":0,"6":0,"7":0,"8":0,"9":0,"10":0,"11":0,"12":0,"13":0,"14":0,"15":0,"16":0,"17":0,"18":0,"19":0,"20":0,"21":0,"22":0,"23":0,"24":0,"25":0,"26":1,"27":0,"28":0,"29":0,"30":0,"31":0,"32":0,"33":1},"f":{"0":0,"1":0,"2":0,"3":0,"4":0,"5":0,"6":0,"7":0},"b":{"0":[0,0],"1":[0,0]},"_coverageSchema":"1a1c01bbd47fc00a2c39e90264f33305004495a9","hash":"42420719ff513b2f6a5cb3ecb277a5d63c190e83"}
,"C:\\SAPDevelop\\VSCode\\Projects\\Newtry\\src\\store\\Nutrition.js": {"path":"C:\\SAPDevelop\\VSCode\\Projects\\Newtry\\src\\store\\Nutrition.js","statementMap":{"0":{"start":{"line":19,"column":4},"end":{"line":19,"column":29}},"1":{"start":{"line":20,"column":4},"end":{"line":20,"column":29}},"2":{"start":{"line":21,"column":4},"end":{"line":21,"column":37}},"3":{"start":{"line":22,"column":4},"end":{"line":22,"column":39}},"4":{"start":{"line":23,"column":4},"end":{"line":23,"column":23}},"5":{"start":{"line":24,"column":4},"end":{"line":24,"column":27}},"6":{"start":{"line":25,"column":4},"end":{"line":25,"column":21}}},"fnMap":{"0":{"name":"(anonymous_0)","decl":{"start":{"line":10,"column":2},"end":{"line":10,"column":3}},"loc":{"start":{"line":18,"column":4},"end":{"line":26,"column":3}},"line":18}},"branchMap":{},"s":{"0":0,"1":0,"2":0,"3":0,"4":0,"5":0,"6":0},"f":{"0":0},"b":{},"_coverageSchema":"1a1c01bbd47fc00a2c39e90264f33305004495a9","hash":"1dd7f42110c1f0a6959694dcd89b147e78a90796"}
,"C:\\SAPDevelop\\VSCode\\Projects\\Newtry\\src\\store\\Product.js": {"path":"C:\\SAPDevelop\\VSCode\\Projects\\Newtry\\src\\store\\Product.js","statementMap":{"0":{"start":{"line":14,"column":4},"end":{"line":14,"column":39}},"1":{"start":{"line":27,"column":4},"end":{"line":27,"column":21}},"2":{"start":{"line":28,"column":4},"end":{"line":28,"column":21}},"3":{"start":{"line":29,"column":4},"end":{"line":29,"column":35}},"4":{"start":{"line":30,"column":4},"end":{"line":30,"column":31}},"5":{"start":{"line":31,"column":4},"end":{"line":31,"column":35}},"6":{"start":{"line":32,"column":4},"end":{"line":32,"column":39}},"7":{"start":{"line":33,"column":4},"end":{"line":33,"column":33}},"8":{"start":{"line":34,"column":4},"end":{"line":34,"column":29}}},"fnMap":{"0":{"name":"(anonymous_0)","decl":{"start":{"line":13,"column":2},"end":{"line":13,"column":3}},"loc":{"start":{"line":13,"column":19},"end":{"line":15,"column":3}},"line":13},"1":{"name":"(anonymous_1)","decl":{"start":{"line":17,"column":2},"end":{"line":17,"column":3}},"loc":{"start":{"line":26,"column":4},"end":{"line":35,"column":3}},"line":26}},"branchMap":{},"s":{"0":0,"1":0,"2":0,"3":0,"4":0,"5":0,"6":0,"7":0,"8":0},"f":{"0":0,"1":0},"b":{},"_coverageSchema":"1a1c01bbd47fc00a2c39e90264f33305004495a9","hash":"29cad04ca6871722adc8a8c8e4d82909fc8c2c31"}
}
