{"C:\\Users\\I538779\\Documents\\Universitaet\\Newtry\\src\\App.js": {"path":"C:\\Users\\I538779\\Documents\\Universitaet\\Newtry\\src\\App.js","statementMap":{"0":{"start":{"line":11,"column":14},"end":{"line":11,"column":42}},"1":{"start":{"line":13,"column":12},"end":{"line":30,"column":1}},"2":{"start":{"line":14,"column":2},"end":{"line":29,"column":4}}},"fnMap":{"0":{"name":"(anonymous_0)","decl":{"start":{"line":13,"column":12},"end":{"line":13,"column":13}},"loc":{"start":{"line":13,"column":18},"end":{"line":30,"column":1}},"line":13}},"branchMap":{},"s":{"0":1,"1":1,"2":1},"f":{"0":1},"b":{},"_coverageSchema":"1a1c01bbd47fc00a2c39e90264f33305004495a9","hash":"3f1172a3164dc169d6f66a38774607b34abcc876"}
,"C:\\Users\\I538779\\Documents\\Universitaet\\Newtry\\src\\CloudFunctionsWrapper.js": {"path":"C:\\Users\\I538779\\Documents\\Universitaet\\Newtry\\src\\CloudFunctionsWrapper.js","statementMap":{"0":{"start":{"line":6,"column":18},"end":{"line":6,"column":58}},"1":{"start":{"line":9,"column":2},"end":{"line":31,"column":5}},"2":{"start":{"line":10,"column":17},"end":{"line":10,"column":38}},"3":{"start":{"line":11,"column":22},"end":{"line":11,"column":37}},"4":{"start":{"line":12,"column":20},"end":{"line":20,"column":5}},"5":{"start":{"line":21,"column":4},"end":{"line":30,"column":6}},"6":{"start":{"line":35,"column":2},"end":{"line":38,"column":5}},"7":{"start":{"line":36,"column":17},"end":{"line":36,"column":30}},"8":{"start":{"line":37,"column":4},"end":{"line":37,"column":43}},"9":{"start":{"line":37,"column":31},"end":{"line":37,"column":41}},"10":{"start":{"line":42,"column":2},"end":{"line":56,"column":7}},"11":{"start":{"line":45,"column":6},"end":{"line":50,"column":7}},"12":{"start":{"line":49,"column":8},"end":{"line":49,"column":28}},"13":{"start":{"line":51,"column":6},"end":{"line":51,"column":31}},"14":{"start":{"line":54,"column":6},"end":{"line":54,"column":62}},"15":{"start":{"line":55,"column":6},"end":{"line":55,"column":19}}},"fnMap":{"0":{"name":"getProductByGTIN","decl":{"start":{"line":8,"column":9},"end":{"line":8,"column":25}},"loc":{"start":{"line":8,"column":34},"end":{"line":32,"column":1}},"line":8},"1":{"name":"(anonymous_1)","decl":{"start":{"line":9,"column":53},"end":{"line":9,"column":54}},"loc":{"start":{"line":9,"column":65},"end":{"line":31,"column":3}},"line":9},"2":{"name":"searchProducts","decl":{"start":{"line":34,"column":9},"end":{"line":34,"column":23}},"loc":{"start":{"line":34,"column":38},"end":{"line":39,"column":1}},"line":34},"3":{"name":"(anonymous_3)","decl":{"start":{"line":35,"column":63},"end":{"line":35,"column":64}},"loc":{"start":{"line":35,"column":75},"end":{"line":38,"column":3}},"line":35},"4":{"name":"(anonymous_4)","decl":{"start":{"line":37,"column":20},"end":{"line":37,"column":21}},"loc":{"start":{"line":37,"column":31},"end":{"line":37,"column":41}},"line":37},"5":{"name":"callCloudFunction","decl":{"start":{"line":41,"column":15},"end":{"line":41,"column":32}},"loc":{"start":{"line":41,"column":68},"end":{"line":57,"column":1}},"line":41},"6":{"name":"(anonymous_6)","decl":{"start":{"line":44,"column":10},"end":{"line":44,"column":11}},"loc":{"start":{"line":44,"column":22},"end":{"line":52,"column":5}},"line":44},"7":{"name":"(anonymous_7)","decl":{"start":{"line":53,"column":11},"end":{"line":53,"column":12}},"loc":{"start":{"line":53,"column":21},"end":{"line":56,"column":5}},"line":53}},"branchMap":{"0":{"loc":{"start":{"line":26,"column":6},"end":{"line":26,"column":55}},"type":"binary-expr","locations":[{"start":{"line":26,"column":6},"end":{"line":26,"column":30}},{"start":{"line":26,"column":34},"end":{"line":26,"column":55}}],"line":26},"1":{"loc":{"start":{"line":28,"column":6},"end":{"line":28,"column":48}},"type":"binary-expr","locations":[{"start":{"line":28,"column":6},"end":{"line":28,"column":40}},{"start":{"line":28,"column":44},"end":{"line":28,"column":48}}],"line":28},"2":{"loc":{"start":{"line":28,"column":7},"end":{"line":28,"column":33}},"type":"binary-expr","locations":[{"start":{"line":28,"column":7},"end":{"line":28,"column":27}},{"start":{"line":28,"column":31},"end":{"line":28,"column":33}}],"line":28},"3":{"loc":{"start":{"line":45,"column":6},"end":{"line":50,"column":7}},"type":"if","locations":[{"start":{"line":45,"column":6},"end":{"line":50,"column":7}},{"start":{},"end":{}}],"line":45},"4":{"loc":{"start":{"line":46,"column":8},"end":{"line":47,"column":40}},"type":"binary-expr","locations":[{"start":{"line":46,"column":8},"end":{"line":46,"column":42}},{"start":{"line":47,"column":8},"end":{"line":47,"column":40}}],"line":46}},"s":{"0":1,"1":0,"2":0,"3":0,"4":0,"5":0,"6":0,"7":0,"8":0,"9":0,"10":0,"11":0,"12":0,"13":0,"14":0,"15":0},"f":{"0":0,"1":0,"2":0,"3":0,"4":0,"5":0,"6":0,"7":0},"b":{"0":[0,0],"1":[0,0],"2":[0,0],"3":[0,0],"4":[0,0]},"_coverageSchema":"1a1c01bbd47fc00a2c39e90264f33305004495a9","hash":"11086e6ed8fea82bf7463adbd95620ab62b6c7bd"}
,"C:\\Users\\I538779\\Documents\\Universitaet\\Newtry\\src\\components\\Authentication.js": {"path":"C:\\Users\\I538779\\Documents\\Universitaet\\Newtry\\src\\components\\Authentication.js","statementMap":{"0":{"start":{"line":5,"column":0},"end":{"line":8,"column":3}},"1":{"start":{"line":10,"column":13},"end":{"line":10,"column":17}},"2":{"start":{"line":12,"column":27},"end":{"line":15,"column":2}},"3":{"start":{"line":17,"column":28},"end":{"line":49,"column":1}},"4":{"start":{"line":19,"column":42},"end":{"line":19,"column":56}},"5":{"start":{"line":20,"column":26},"end":{"line":20,"column":36}},"6":{"start":{"line":24,"column":4},"end":{"line":24,"column":18}},"7":{"start":{"line":25,"column":4},"end":{"line":27,"column":5}},"8":{"start":{"line":26,"column":6},"end":{"line":26,"column":29}},"9":{"start":{"line":30,"column":2},"end":{"line":33,"column":5}},"10":{"start":{"line":31,"column":24},"end":{"line":31,"column":69}},"11":{"start":{"line":32,"column":4},"end":{"line":32,"column":23}},"12":{"start":{"line":36,"column":2},"end":{"line":38,"column":3}},"13":{"start":{"line":37,"column":4},"end":{"line":37,"column":16}},"14":{"start":{"line":40,"column":2},"end":{"line":48,"column":4}}},"fnMap":{"0":{"name":"(anonymous_0)","decl":{"start":{"line":14,"column":11},"end":{"line":14,"column":12}},"loc":{"start":{"line":14,"column":17},"end":{"line":14,"column":19}},"line":14},"1":{"name":"(anonymous_1)","decl":{"start":{"line":17,"column":28},"end":{"line":17,"column":29}},"loc":{"start":{"line":17,"column":44},"end":{"line":49,"column":1}},"line":17},"2":{"name":"onAuthStateChanged","decl":{"start":{"line":23,"column":11},"end":{"line":23,"column":29}},"loc":{"start":{"line":23,"column":36},"end":{"line":28,"column":3}},"line":23},"3":{"name":"(anonymous_3)","decl":{"start":{"line":30,"column":12},"end":{"line":30,"column":13}},"loc":{"start":{"line":30,"column":18},"end":{"line":33,"column":3}},"line":30}},"branchMap":{"0":{"loc":{"start":{"line":25,"column":4},"end":{"line":27,"column":5}},"type":"if","locations":[{"start":{"line":25,"column":4},"end":{"line":27,"column":5}},{"start":{},"end":{}}],"line":25},"1":{"loc":{"start":{"line":36,"column":2},"end":{"line":38,"column":3}},"type":"if","locations":[{"start":{"line":36,"column":2},"end":{"line":38,"column":3}},{"start":{},"end":{}}],"line":36}},"s":{"0":1,"1":1,"2":1,"3":1,"4":0,"5":0,"6":0,"7":0,"8":0,"9":0,"10":0,"11":0,"12":0,"13":0,"14":0},"f":{"0":0,"1":0,"2":0,"3":0},"b":{"0":[0,0],"1":[0,0]},"_coverageSchema":"1a1c01bbd47fc00a2c39e90264f33305004495a9","hash":"96b78dd55a51a51503264747d655d7ba788895e4"}
,"C:\\Users\\I538779\\Documents\\Universitaet\\Newtry\\src\\components\\CustomerRating.js": {"path":"C:\\Users\\I538779\\Documents\\Universitaet\\Newtry\\src\\components\\CustomerRating.js","statementMap":{"0":{"start":{"line":7,"column":23},"end":{"line":82,"column":1}},"1":{"start":{"line":8,"column":24},"end":{"line":8,"column":36}},"2":{"start":{"line":9,"column":25},"end":{"line":9,"column":56}},"3":{"start":{"line":11,"column":2},"end":{"line":24,"column":24}},"4":{"start":{"line":12,"column":4},"end":{"line":23,"column":9}},"5":{"start":{"line":16,"column":8},"end":{"line":22,"column":9}},"6":{"start":{"line":17,"column":21},"end":{"line":17,"column":23}},"7":{"start":{"line":18,"column":10},"end":{"line":18,"column":40}},"8":{"start":{"line":19,"column":10},"end":{"line":19,"column":24}},"9":{"start":{"line":21,"column":10},"end":{"line":21,"column":43}},"10":{"start":{"line":26,"column":2},"end":{"line":81,"column":4}},"11":{"start":{"line":29,"column":8},"end":{"line":78,"column":9}},"12":{"start":{"line":30,"column":10},"end":{"line":55,"column":12}},"13":{"start":{"line":57,"column":10},"end":{"line":77,"column":12}},"14":{"start":{"line":84,"column":15},"end":{"line":101,"column":2}}},"fnMap":{"0":{"name":"(anonymous_0)","decl":{"start":{"line":7,"column":23},"end":{"line":7,"column":24}},"loc":{"start":{"line":7,"column":32},"end":{"line":82,"column":1}},"line":7},"1":{"name":"(anonymous_1)","decl":{"start":{"line":11,"column":12},"end":{"line":11,"column":13}},"loc":{"start":{"line":11,"column":18},"end":{"line":24,"column":3}},"line":11},"2":{"name":"(anonymous_2)","decl":{"start":{"line":15,"column":12},"end":{"line":15,"column":13}},"loc":{"start":{"line":15,"column":27},"end":{"line":23,"column":7}},"line":15},"3":{"name":"(anonymous_3)","decl":{"start":{"line":28,"column":16},"end":{"line":28,"column":17}},"loc":{"start":{"line":28,"column":35},"end":{"line":79,"column":7}},"line":28}},"branchMap":{"0":{"loc":{"start":{"line":16,"column":8},"end":{"line":22,"column":9}},"type":"if","locations":[{"start":{"line":16,"column":8},"end":{"line":22,"column":9}},{"start":{"line":20,"column":15},"end":{"line":22,"column":9}}],"line":16},"1":{"loc":{"start":{"line":29,"column":8},"end":{"line":78,"column":9}},"type":"if","locations":[{"start":{"line":29,"column":8},"end":{"line":78,"column":9}},{"start":{"line":56,"column":15},"end":{"line":78,"column":9}}],"line":29}},"s":{"0":1,"1":0,"2":0,"3":0,"4":0,"5":0,"6":0,"7":0,"8":0,"9":0,"10":0,"11":0,"12":0,"13":0,"14":1},"f":{"0":0,"1":0,"2":0,"3":0},"b":{"0":[0,0],"1":[0,0]},"_coverageSchema":"1a1c01bbd47fc00a2c39e90264f33305004495a9","hash":"e9493c27f612ec89c7d75124976be10ce8670123"}
,"C:\\Users\\I538779\\Documents\\Universitaet\\Newtry\\src\\components\\DetailPage.js": {"path":"C:\\Users\\I538779\\Documents\\Universitaet\\Newtry\\src\\components\\DetailPage.js","statementMap":{"0":{"start":{"line":5,"column":19},"end":{"line":22,"column":1}},"1":{"start":{"line":6,"column":2},"end":{"line":21,"column":4}},"2":{"start":{"line":14,"column":25},"end":{"line":14,"column":67}},"3":{"start":{"line":26,"column":15},"end":{"line":38,"column":2}}},"fnMap":{"0":{"name":"(anonymous_0)","decl":{"start":{"line":5,"column":19},"end":{"line":5,"column":20}},"loc":{"start":{"line":5,"column":55},"end":{"line":22,"column":1}},"line":5},"1":{"name":"(anonymous_1)","decl":{"start":{"line":14,"column":19},"end":{"line":14,"column":20}},"loc":{"start":{"line":14,"column":25},"end":{"line":14,"column":67}},"line":14}},"branchMap":{},"s":{"0":1,"1":0,"2":0,"3":1},"f":{"0":0,"1":0},"b":{},"_coverageSchema":"1a1c01bbd47fc00a2c39e90264f33305004495a9","hash":"a09ccf75d84fc0bfdf8417ca0bdbefe2a49762bb"}
,"C:\\Users\\I538779\\Documents\\Universitaet\\Newtry\\src\\components\\IngredientList.js": {"path":"C:\\Users\\I538779\\Documents\\Universitaet\\Newtry\\src\\components\\IngredientList.js","statementMap":{"0":{"start":{"line":6,"column":25},"end":{"line":13,"column":1}},"1":{"start":{"line":7,"column":2},"end":{"line":7,"column":34}},"2":{"start":{"line":8,"column":16},"end":{"line":8,"column":42}},"3":{"start":{"line":9,"column":18},"end":{"line":9,"column":50}},"4":{"start":{"line":10,"column":2},"end":{"line":12,"column":41}},"5":{"start":{"line":11,"column":19},"end":{"line":11,"column":35}},"6":{"start":{"line":12,"column":22},"end":{"line":12,"column":39}},"7":{"start":{"line":14,"column":23},"end":{"line":30,"column":1}},"8":{"start":{"line":15,"column":25},"end":{"line":15,"column":56}},"9":{"start":{"line":16,"column":2},"end":{"line":29,"column":4}},"10":{"start":{"line":22,"column":8},"end":{"line":26,"column":10}},"11":{"start":{"line":34,"column":15},"end":{"line":45,"column":2}}},"fnMap":{"0":{"name":"(anonymous_0)","decl":{"start":{"line":6,"column":25},"end":{"line":6,"column":26}},"loc":{"start":{"line":6,"column":40},"end":{"line":13,"column":1}},"line":6},"1":{"name":"(anonymous_1)","decl":{"start":{"line":11,"column":9},"end":{"line":11,"column":10}},"loc":{"start":{"line":11,"column":19},"end":{"line":11,"column":35}},"line":11},"2":{"name":"(anonymous_2)","decl":{"start":{"line":12,"column":12},"end":{"line":12,"column":13}},"loc":{"start":{"line":12,"column":22},"end":{"line":12,"column":39}},"line":12},"3":{"name":"(anonymous_3)","decl":{"start":{"line":14,"column":23},"end":{"line":14,"column":24}},"loc":{"start":{"line":14,"column":30},"end":{"line":30,"column":1}},"line":14},"4":{"name":"(anonymous_4)","decl":{"start":{"line":21,"column":38},"end":{"line":21,"column":39}},"loc":{"start":{"line":21,"column":49},"end":{"line":27,"column":7}},"line":21}},"branchMap":{"0":{"loc":{"start":{"line":7,"column":16},"end":{"line":7,"column":33}},"type":"binary-expr","locations":[{"start":{"line":7,"column":16},"end":{"line":7,"column":27}},{"start":{"line":7,"column":31},"end":{"line":7,"column":33}}],"line":7}},"s":{"0":2,"1":2,"2":2,"3":2,"4":2,"5":0,"6":0,"7":2,"8":2,"9":2,"10":0,"11":2},"f":{"0":2,"1":0,"2":0,"3":2,"4":0},"b":{"0":[2,2]},"_coverageSchema":"1a1c01bbd47fc00a2c39e90264f33305004495a9","hash":"a19165dfe2bc2f5bb47104697e3dc3ae9d08a8e9"}
,"C:\\Users\\I538779\\Documents\\Universitaet\\Newtry\\src\\components\\NavigationImage.js": {"path":"C:\\Users\\I538779\\Documents\\Universitaet\\Newtry\\src\\components\\NavigationImage.js","statementMap":{"0":{"start":{"line":6,"column":24},"end":{"line":21,"column":1}},"1":{"start":{"line":7,"column":21},"end":{"line":7,"column":36}},"2":{"start":{"line":8,"column":2},"end":{"line":20,"column":4}},"3":{"start":{"line":11,"column":8},"end":{"line":11,"column":62}},"4":{"start":{"line":12,"column":8},"end":{"line":14,"column":15}},"5":{"start":{"line":13,"column":10},"end":{"line":13,"column":24}},"6":{"start":{"line":25,"column":15},"end":{"line":32,"column":2}}},"fnMap":{"0":{"name":"(anonymous_0)","decl":{"start":{"line":6,"column":24},"end":{"line":6,"column":25}},"loc":{"start":{"line":6,"column":32},"end":{"line":21,"column":1}},"line":6},"1":{"name":"(anonymous_1)","decl":{"start":{"line":10,"column":15},"end":{"line":10,"column":16}},"loc":{"start":{"line":10,"column":21},"end":{"line":15,"column":7}},"line":10},"2":{"name":"(anonymous_2)","decl":{"start":{"line":12,"column":19},"end":{"line":12,"column":20}},"loc":{"start":{"line":12,"column":31},"end":{"line":14,"column":9}},"line":12}},"branchMap":{},"s":{"0":0,"1":0,"2":0,"3":0,"4":0,"5":0,"6":0},"f":{"0":0,"1":0,"2":0},"b":{}}
,"C:\\Users\\I538779\\Documents\\Universitaet\\Newtry\\src\\components\\NutritionTable.js": {"path":"C:\\Users\\I538779\\Documents\\Universitaet\\Newtry\\src\\components\\NutritionTable.js","statementMap":{"0":{"start":{"line":6,"column":23},"end":{"line":63,"column":1}},"1":{"start":{"line":7,"column":25},"end":{"line":7,"column":56}},"2":{"start":{"line":8,"column":20},"end":{"line":11,"column":3}},"3":{"start":{"line":12,"column":20},"end":{"line":41,"column":3}},"4":{"start":{"line":42,"column":2},"end":{"line":62,"column":4}},"5":{"start":{"line":67,"column":15},"end":{"line":90,"column":2}}},"fnMap":{"0":{"name":"(anonymous_0)","decl":{"start":{"line":6,"column":23},"end":{"line":6,"column":24}},"loc":{"start":{"line":6,"column":30},"end":{"line":63,"column":1}},"line":6}},"branchMap":{"0":{"loc":{"start":{"line":15,"column":10},"end":{"line":15,"column":43}},"type":"binary-expr","locations":[{"start":{"line":15,"column":10},"end":{"line":15,"column":28}},{"start":{"line":15,"column":32},"end":{"line":15,"column":43}}],"line":15},"1":{"loc":{"start":{"line":19,"column":10},"end":{"line":19,"column":43}},"type":"binary-expr","locations":[{"start":{"line":19,"column":10},"end":{"line":19,"column":28}},{"start":{"line":19,"column":32},"end":{"line":19,"column":43}}],"line":19},"2":{"loc":{"start":{"line":23,"column":10},"end":{"line":23,"column":47}},"type":"binary-expr","locations":[{"start":{"line":23,"column":10},"end":{"line":23,"column":32}},{"start":{"line":23,"column":36},"end":{"line":23,"column":47}}],"line":23},"3":{"loc":{"start":{"line":27,"column":10},"end":{"line":27,"column":48}},"type":"binary-expr","locations":[{"start":{"line":27,"column":10},"end":{"line":27,"column":33}},{"start":{"line":27,"column":37},"end":{"line":27,"column":48}}],"line":27},"4":{"loc":{"start":{"line":31,"column":10},"end":{"line":31,"column":40}},"type":"binary-expr","locations":[{"start":{"line":31,"column":10},"end":{"line":31,"column":25}},{"start":{"line":31,"column":29},"end":{"line":31,"column":40}}],"line":31},"5":{"loc":{"start":{"line":35,"column":10},"end":{"line":35,"column":42}},"type":"binary-expr","locations":[{"start":{"line":35,"column":10},"end":{"line":35,"column":27}},{"start":{"line":35,"column":31},"end":{"line":35,"column":42}}],"line":35},"6":{"loc":{"start":{"line":39,"column":10},"end":{"line":39,"column":39}},"type":"binary-expr","locations":[{"start":{"line":39,"column":10},"end":{"line":39,"column":24}},{"start":{"line":39,"column":28},"end":{"line":39,"column":39}}],"line":39}},"s":{"0":2,"1":3,"2":2,"3":2,"4":2,"5":2},"f":{"0":3},"b":{"0":[2,2],"1":[2,2],"2":[2,2],"3":[2,2],"4":[2,2],"5":[2,2],"6":[2,2]},"_coverageSchema":"1a1c01bbd47fc00a2c39e90264f33305004495a9","hash":"091432bc7768f2340575f95e38e19ca5b5ee7201"}
,"C:\\Users\\I538779\\Documents\\Universitaet\\Newtry\\src\\components\\Renderif.js": {"path":"C:\\Users\\I538779\\Documents\\Universitaet\\Newtry\\src\\components\\Renderif.js","statementMap":{"0":{"start":{"line":2,"column":19},"end":{"line":2,"column":55}},"1":{"start":{"line":2,"column":28},"end":{"line":2,"column":55}},"2":{"start":{"line":3,"column":28},"end":{"line":4,"column":76}},"3":{"start":{"line":4,"column":2},"end":{"line":4,"column":76}}},"fnMap":{"0":{"name":"(anonymous_0)","decl":{"start":{"line":2,"column":19},"end":{"line":2,"column":20}},"loc":{"start":{"line":2,"column":28},"end":{"line":2,"column":55}},"line":2},"1":{"name":"(anonymous_1)","decl":{"start":{"line":3,"column":15},"end":{"line":3,"column":16}},"loc":{"start":{"line":3,"column":28},"end":{"line":4,"column":76}},"line":3},"2":{"name":"(anonymous_2)","decl":{"start":{"line":3,"column":28},"end":{"line":3,"column":29}},"loc":{"start":{"line":4,"column":2},"end":{"line":4,"column":76}},"line":4}},"branchMap":{"0":{"loc":{"start":{"line":4,"column":2},"end":{"line":4,"column":76}},"type":"cond-expr","locations":[{"start":{"line":4,"column":15},"end":{"line":4,"column":68}},{"start":{"line":4,"column":72},"end":{"line":4,"column":76}}],"line":4},"1":{"loc":{"start":{"line":4,"column":15},"end":{"line":4,"column":68}},"type":"cond-expr","locations":[{"start":{"line":4,"column":41},"end":{"line":4,"column":54}},{"start":{"line":4,"column":57},"end":{"line":4,"column":68}}],"line":4}},"s":{"0":1,"1":0,"2":0,"3":0},"f":{"0":0,"1":0,"2":0},"b":{"0":[0,0],"1":[0,0]},"_coverageSchema":"1a1c01bbd47fc00a2c39e90264f33305004495a9","hash":"818bcd86d9cf40661d6efd96f6e533ac1ae5445f"}
,"C:\\Users\\I538779\\Documents\\Universitaet\\Newtry\\src\\components\\TextInput.component.js": {"path":"C:\\Users\\I538779\\Documents\\Universitaet\\Newtry\\src\\components\\TextInput.component.js","statementMap":{"0":{"start":{"line":12,"column":28},"end":{"line":12,"column":38}},"1":{"start":{"line":13,"column":28},"end":{"line":13,"column":38}},"2":{"start":{"line":14,"column":2},"end":{"line":50,"column":4}},"3":{"start":{"line":22,"column":26},"end":{"line":22,"column":47}},"4":{"start":{"line":23,"column":12},"end":{"line":25,"column":13}},"5":{"start":{"line":24,"column":14},"end":{"line":24,"column":42}},"6":{"start":{"line":26,"column":12},"end":{"line":34,"column":13}},"7":{"start":{"line":27,"column":14},"end":{"line":27,"column":29}},"8":{"start":{"line":28,"column":14},"end":{"line":28,"column":33}},"9":{"start":{"line":29,"column":14},"end":{"line":31,"column":15}},"10":{"start":{"line":30,"column":16},"end":{"line":30,"column":32}},"11":{"start":{"line":33,"column":14},"end":{"line":33,"column":32}},"12":{"start":{"line":38,"column":43},"end":{"line":38,"column":55}},"13":{"start":{"line":52,"column":15},"end":{"line":92,"column":2}}},"fnMap":{"0":{"name":"Searchbar","decl":{"start":{"line":11,"column":24},"end":{"line":11,"column":33}},"loc":{"start":{"line":11,"column":64},"end":{"line":51,"column":1}},"line":11},"1":{"name":"(anonymous_1)","decl":{"start":{"line":21,"column":24},"end":{"line":21,"column":25}},"loc":{"start":{"line":21,"column":32},"end":{"line":35,"column":11}},"line":21},"2":{"name":"(anonymous_2)","decl":{"start":{"line":38,"column":37},"end":{"line":38,"column":38}},"loc":{"start":{"line":38,"column":43},"end":{"line":38,"column":55}},"line":38}},"branchMap":{"0":{"loc":{"start":{"line":23,"column":12},"end":{"line":25,"column":13}},"type":"if","locations":[{"start":{"line":23,"column":12},"end":{"line":25,"column":13}},{"start":{},"end":{}}],"line":23},"1":{"loc":{"start":{"line":26,"column":12},"end":{"line":34,"column":13}},"type":"if","locations":[{"start":{"line":26,"column":12},"end":{"line":34,"column":13}},{"start":{"line":32,"column":19},"end":{"line":34,"column":13}}],"line":26},"2":{"loc":{"start":{"line":29,"column":14},"end":{"line":31,"column":15}},"type":"if","locations":[{"start":{"line":29,"column":14},"end":{"line":31,"column":15}},{"start":{},"end":{}}],"line":29},"3":{"loc":{"start":{"line":37,"column":9},"end":{"line":46,"column":9}},"type":"cond-expr","locations":[{"start":{"line":38,"column":10},"end":{"line":43,"column":29}},{"start":{"line":45,"column":10},"end":{"line":45,"column":41}}],"line":37},"4":{"loc":{"start":{"line":48,"column":7},"end":{"line":48,"column":60}},"type":"binary-expr","locations":[{"start":{"line":48,"column":7},"end":{"line":48,"column":12}},{"start":{"line":48,"column":16},"end":{"line":48,"column":60}}],"line":48}},"s":{"0":0,"1":0,"2":0,"3":0,"4":0,"5":0,"6":0,"7":0,"8":0,"9":0,"10":0,"11":0,"12":0,"13":0},"f":{"0":0,"1":0,"2":0},"b":{"0":[0,0],"1":[0,0],"2":[0,0],"3":[0,0],"4":[0,0]}}
,"C:\\Users\\I538779\\Documents\\Universitaet\\Newtry\\src\\components\\Translations.js": {"path":"C:\\Users\\I538779\\Documents\\Universitaet\\Newtry\\src\\components\\Translations.js","statementMap":{"0":{"start":{"line":8,"column":25},"end":{"line":8,"column":29}},"1":{"start":{"line":9,"column":21},"end":{"line":9,"column":34}},"2":{"start":{"line":11,"column":18},"end":{"line":11,"column":26}},"3":{"start":{"line":13,"column":21},"end":{"line":13,"column":52}},"4":{"start":{"line":15,"column":35},"end":{"line":20,"column":2}},"5":{"start":{"line":22,"column":36},"end":{"line":61,"column":1}},"6":{"start":{"line":23,"column":40},"end":{"line":23,"column":66}},"7":{"start":{"line":24,"column":22},"end":{"line":28,"column":3}},"8":{"start":{"line":25,"column":4},"end":{"line":25,"column":39}},"9":{"start":{"line":26,"column":4},"end":{"line":26,"column":29}},"10":{"start":{"line":27,"column":4},"end":{"line":27,"column":49}},"11":{"start":{"line":29,"column":32},"end":{"line":48,"column":3}},"12":{"start":{"line":30,"column":28},"end":{"line":30,"column":68}},"13":{"start":{"line":32,"column":4},"end":{"line":47,"column":5}},"14":{"start":{"line":33,"column":6},"end":{"line":33,"column":35}},"15":{"start":{"line":35,"column":23},"end":{"line":35,"column":39}},"16":{"start":{"line":36,"column":35},"end":{"line":36,"column":71}},"17":{"start":{"line":37,"column":31},"end":{"line":39,"column":7}},"18":{"start":{"line":38,"column":18},"end":{"line":38,"column":37}},"19":{"start":{"line":40,"column":6},"end":{"line":45,"column":9}},"20":{"start":{"line":41,"column":8},"end":{"line":44,"column":9}},"21":{"start":{"line":42,"column":10},"end":{"line":42,"column":28}},"22":{"start":{"line":43,"column":10},"end":{"line":43,"column":22}},"23":{"start":{"line":46,"column":6},"end":{"line":46,"column":30}},"24":{"start":{"line":50,"column":2},"end":{"line":60,"column":4}}},"fnMap":{"0":{"name":"(anonymous_0)","decl":{"start":{"line":17,"column":18},"end":{"line":17,"column":19}},"loc":{"start":{"line":17,"column":24},"end":{"line":17,"column":26}},"line":17},"1":{"name":"(anonymous_1)","decl":{"start":{"line":19,"column":25},"end":{"line":19,"column":26}},"loc":{"start":{"line":19,"column":31},"end":{"line":19,"column":33}},"line":19},"2":{"name":"(anonymous_2)","decl":{"start":{"line":22,"column":36},"end":{"line":22,"column":37}},"loc":{"start":{"line":22,"column":52},"end":{"line":61,"column":1}},"line":22},"3":{"name":"(anonymous_3)","decl":{"start":{"line":24,"column":22},"end":{"line":24,"column":23}},"loc":{"start":{"line":24,"column":34},"end":{"line":28,"column":3}},"line":24},"4":{"name":"(anonymous_4)","decl":{"start":{"line":29,"column":32},"end":{"line":29,"column":33}},"loc":{"start":{"line":29,"column":44},"end":{"line":48,"column":3}},"line":29},"5":{"name":"(anonymous_5)","decl":{"start":{"line":38,"column":8},"end":{"line":38,"column":9}},"loc":{"start":{"line":38,"column":18},"end":{"line":38,"column":37}},"line":38},"6":{"name":"(anonymous_6)","decl":{"start":{"line":40,"column":28},"end":{"line":40,"column":29}},"loc":{"start":{"line":40,"column":36},"end":{"line":45,"column":7}},"line":40}},"branchMap":{"0":{"loc":{"start":{"line":32,"column":4},"end":{"line":47,"column":5}},"type":"if","locations":[{"start":{"line":32,"column":4},"end":{"line":47,"column":5}},{"start":{"line":34,"column":11},"end":{"line":47,"column":5}}],"line":32},"1":{"loc":{"start":{"line":41,"column":8},"end":{"line":44,"column":9}},"type":"if","locations":[{"start":{"line":41,"column":8},"end":{"line":44,"column":9}},{"start":{},"end":{}}],"line":41}},"s":{"0":3,"1":3,"2":3,"3":3,"4":3,"5":3,"6":0,"7":0,"8":0,"9":0,"10":0,"11":0,"12":0,"13":0,"14":0,"15":0,"16":0,"17":0,"18":0,"19":0,"20":0,"21":0,"22":0,"23":0,"24":0},"f":{"0":0,"1":0,"2":0,"3":0,"4":0,"5":0,"6":0},"b":{"0":[0,0],"1":[0,0]},"_coverageSchema":"1a1c01bbd47fc00a2c39e90264f33305004495a9","hash":"df5461a28ce623753c28204f4c6fff06c2598306"}
,"C:\\Users\\I538779\\Documents\\Universitaet\\Newtry\\src\\components\\comments\\Comments.js": {"path":"C:\\Users\\I538779\\Documents\\Universitaet\\Newtry\\src\\components\\comments\\Comments.js","statementMap":{"0":{"start":{"line":8,"column":17},"end":{"line":59,"column":1}},"1":{"start":{"line":9,"column":34},"end":{"line":9,"column":46}},"2":{"start":{"line":10,"column":38},"end":{"line":10,"column":63}},"3":{"start":{"line":10,"column":54},"end":{"line":10,"column":59}},"4":{"start":{"line":12,"column":2},"end":{"line":24,"column":38}},"5":{"start":{"line":13,"column":4},"end":{"line":23,"column":9}},"6":{"start":{"line":17,"column":19},"end":{"line":17,"column":21}},"7":{"start":{"line":18,"column":8},"end":{"line":22,"column":11}},"8":{"start":{"line":19,"column":26},"end":{"line":19,"column":49}},"9":{"start":{"line":20,"column":10},"end":{"line":20,"column":29}},"10":{"start":{"line":21,"column":10},"end":{"line":21,"column":28}},"11":{"start":{"line":26,"column":17},"end":{"line":45,"column":3}},"12":{"start":{"line":27,"column":4},"end":{"line":44,"column":6}},"13":{"start":{"line":47,"column":2},"end":{"line":58,"column":4}},"14":{"start":{"line":61,"column":15},"end":{"line":89,"column":2}}},"fnMap":{"0":{"name":"(anonymous_0)","decl":{"start":{"line":8,"column":17},"end":{"line":8,"column":18}},"loc":{"start":{"line":8,"column":26},"end":{"line":59,"column":1}},"line":8},"1":{"name":"(anonymous_1)","decl":{"start":{"line":10,"column":49},"end":{"line":10,"column":50}},"loc":{"start":{"line":10,"column":54},"end":{"line":10,"column":59}},"line":10},"2":{"name":"(anonymous_2)","decl":{"start":{"line":12,"column":12},"end":{"line":12,"column":13}},"loc":{"start":{"line":12,"column":18},"end":{"line":24,"column":3}},"line":12},"3":{"name":"(anonymous_3)","decl":{"start":{"line":16,"column":12},"end":{"line":16,"column":13}},"loc":{"start":{"line":16,"column":34},"end":{"line":23,"column":7}},"line":16},"4":{"name":"(anonymous_4)","decl":{"start":{"line":18,"column":35},"end":{"line":18,"column":36}},"loc":{"start":{"line":18,"column":55},"end":{"line":22,"column":9}},"line":18},"5":{"name":"(anonymous_5)","decl":{"start":{"line":26,"column":17},"end":{"line":26,"column":18}},"loc":{"start":{"line":26,"column":29},"end":{"line":45,"column":3}},"line":26}},"branchMap":{},"s":{"0":1,"1":0,"2":0,"3":0,"4":0,"5":0,"6":0,"7":0,"8":0,"9":0,"10":0,"11":0,"12":0,"13":0,"14":1},"f":{"0":0,"1":0,"2":0,"3":0,"4":0,"5":0},"b":{},"_coverageSchema":"1a1c01bbd47fc00a2c39e90264f33305004495a9","hash":"4bfac3a0dfc2e9afc7079fea8df88ebae5de1888"}
,"C:\\Users\\I538779\\Documents\\Universitaet\\Newtry\\src\\components\\comments\\WriteComment.js": {"path":"C:\\Users\\I538779\\Documents\\Universitaet\\Newtry\\src\\components\\comments\\WriteComment.js","statementMap":{"0":{"start":{"line":16,"column":21},"end":{"line":128,"column":1}},"1":{"start":{"line":17,"column":25},"end":{"line":17,"column":56}},"2":{"start":{"line":18,"column":32},"end":{"line":18,"column":44}},"3":{"start":{"line":19,"column":26},"end":{"line":19,"column":49}},"4":{"start":{"line":20,"column":30},"end":{"line":20,"column":41}},"5":{"start":{"line":22,"column":21},"end":{"line":22,"column":36}},"6":{"start":{"line":23,"column":16},"end":{"line":23,"column":61}},"7":{"start":{"line":23,"column":22},"end":{"line":23,"column":61}},"8":{"start":{"line":23,"column":41},"end":{"line":23,"column":60}},"9":{"start":{"line":26,"column":4},"end":{"line":31,"column":5}},"10":{"start":{"line":27,"column":6},"end":{"line":27,"column":23}},"11":{"start":{"line":28,"column":6},"end":{"line":28,"column":29}},"12":{"start":{"line":30,"column":6},"end":{"line":30,"column":23}},"13":{"start":{"line":34,"column":24},"end":{"line":95,"column":3}},"14":{"start":{"line":35,"column":4},"end":{"line":52,"column":5}},"15":{"start":{"line":36,"column":6},"end":{"line":36,"column":40}},"16":{"start":{"line":37,"column":6},"end":{"line":50,"column":8}},"17":{"start":{"line":47,"column":27},"end":{"line":47,"column":65}},"18":{"start":{"line":51,"column":6},"end":{"line":51,"column":13}},"19":{"start":{"line":53,"column":17},"end":{"line":58,"column":5}},"20":{"start":{"line":60,"column":4},"end":{"line":91,"column":5}},"21":{"start":{"line":61,"column":6},"end":{"line":88,"column":11}},"22":{"start":{"line":65,"column":10},"end":{"line":87,"column":11}},"23":{"start":{"line":66,"column":12},"end":{"line":68,"column":25}},"24":{"start":{"line":69,"column":12},"end":{"line":74,"column":17}},"25":{"start":{"line":76,"column":12},"end":{"line":79,"column":23}},"26":{"start":{"line":80,"column":12},"end":{"line":83,"column":15}},"27":{"start":{"line":84,"column":12},"end":{"line":86,"column":25}},"28":{"start":{"line":90,"column":6},"end":{"line":90,"column":43}},"29":{"start":{"line":92,"column":4},"end":{"line":92,"column":17}},"30":{"start":{"line":93,"column":4},"end":{"line":93,"column":17}},"31":{"start":{"line":94,"column":4},"end":{"line":94,"column":22}},"32":{"start":{"line":97,"column":2},"end":{"line":127,"column":4}},"33":{"start":{"line":108,"column":34},"end":{"line":108,"column":51}},"34":{"start":{"line":114,"column":31},"end":{"line":114,"column":48}},"35":{"start":{"line":123,"column":23},"end":{"line":123,"column":38}},"36":{"start":{"line":130,"column":15},"end":{"line":157,"column":2}}},"fnMap":{"0":{"name":"(anonymous_0)","decl":{"start":{"line":16,"column":21},"end":{"line":16,"column":22}},"loc":{"start":{"line":16,"column":30},"end":{"line":128,"column":1}},"line":16},"1":{"name":"(anonymous_1)","decl":{"start":{"line":23,"column":16},"end":{"line":23,"column":17}},"loc":{"start":{"line":23,"column":22},"end":{"line":23,"column":61}},"line":23},"2":{"name":"(anonymous_2)","decl":{"start":{"line":23,"column":34},"end":{"line":23,"column":35}},"loc":{"start":{"line":23,"column":41},"end":{"line":23,"column":60}},"line":23},"3":{"name":"refreshComments","decl":{"start":{"line":25,"column":17},"end":{"line":25,"column":32}},"loc":{"start":{"line":25,"column":35},"end":{"line":32,"column":3}},"line":25},"4":{"name":"(anonymous_4)","decl":{"start":{"line":34,"column":24},"end":{"line":34,"column":25}},"loc":{"start":{"line":34,"column":30},"end":{"line":95,"column":3}},"line":34},"5":{"name":"(anonymous_5)","decl":{"start":{"line":47,"column":21},"end":{"line":47,"column":22}},"loc":{"start":{"line":47,"column":27},"end":{"line":47,"column":65}},"line":47},"6":{"name":"(anonymous_6)","decl":{"start":{"line":64,"column":14},"end":{"line":64,"column":15}},"loc":{"start":{"line":64,"column":29},"end":{"line":88,"column":9}},"line":64},"7":{"name":"(anonymous_7)","decl":{"start":{"line":108,"column":24},"end":{"line":108,"column":25}},"loc":{"start":{"line":108,"column":34},"end":{"line":108,"column":51}},"line":108},"8":{"name":"(anonymous_8)","decl":{"start":{"line":114,"column":22},"end":{"line":114,"column":23}},"loc":{"start":{"line":114,"column":31},"end":{"line":114,"column":48}},"line":114},"9":{"name":"(anonymous_9)","decl":{"start":{"line":123,"column":17},"end":{"line":123,"column":18}},"loc":{"start":{"line":123,"column":23},"end":{"line":123,"column":38}},"line":123}},"branchMap":{"0":{"loc":{"start":{"line":35,"column":4},"end":{"line":52,"column":5}},"type":"if","locations":[{"start":{"line":35,"column":4},"end":{"line":52,"column":5}},{"start":{},"end":{}}],"line":35},"1":{"loc":{"start":{"line":60,"column":4},"end":{"line":91,"column":5}},"type":"if","locations":[{"start":{"line":60,"column":4},"end":{"line":91,"column":5}},{"start":{"line":89,"column":11},"end":{"line":91,"column":5}}],"line":60},"2":{"loc":{"start":{"line":65,"column":10},"end":{"line":87,"column":11}},"type":"if","locations":[{"start":{"line":65,"column":10},"end":{"line":87,"column":11}},{"start":{"line":75,"column":17},"end":{"line":87,"column":11}}],"line":65}},"s":{"0":1,"1":0,"2":0,"3":0,"4":0,"5":0,"6":0,"7":0,"8":0,"9":0,"10":0,"11":0,"12":0,"13":0,"14":0,"15":0,"16":0,"17":0,"18":0,"19":0,"20":0,"21":0,"22":0,"23":0,"24":0,"25":0,"26":0,"27":0,"28":0,"29":0,"30":0,"31":0,"32":0,"33":0,"34":0,"35":0,"36":1},"f":{"0":0,"1":0,"2":0,"3":0,"4":0,"5":0,"6":0,"7":0,"8":0,"9":0},"b":{"0":[0,0],"1":[0,0],"2":[0,0]},"_coverageSchema":"1a1c01bbd47fc00a2c39e90264f33305004495a9","hash":"d472c2f00a2c16a2614bddc9c0252074c8651d9e"}
,"C:\\Users\\I538779\\Documents\\Universitaet\\Newtry\\src\\navigation\\ProductView.js": {"path":"C:\\Users\\I538779\\Documents\\Universitaet\\Newtry\\src\\navigation\\ProductView.js","statementMap":{"0":{"start":{"line":13,"column":20},"end":{"line":86,"column":1}},"1":{"start":{"line":14,"column":25},"end":{"line":14,"column":56}},"2":{"start":{"line":15,"column":24},"end":{"line":17,"column":4}},"3":{"start":{"line":18,"column":2},"end":{"line":18,"column":36}},"4":{"start":{"line":19,"column":2},"end":{"line":85,"column":3}},"5":{"start":{"line":21,"column":6},"end":{"line":80,"column":19}},"6":{"start":{"line":82,"column":4},"end":{"line":82,"column":49}},"7":{"start":{"line":84,"column":4},"end":{"line":84,"column":20}},"8":{"start":{"line":90,"column":15},"end":{"line":159,"column":2}}},"fnMap":{"0":{"name":"(anonymous_0)","decl":{"start":{"line":13,"column":20},"end":{"line":13,"column":21}},"loc":{"start":{"line":13,"column":45},"end":{"line":86,"column":1}},"line":13}},"branchMap":{"0":{"loc":{"start":{"line":19,"column":2},"end":{"line":85,"column":3}},"type":"if","locations":[{"start":{"line":19,"column":2},"end":{"line":85,"column":3}},{"start":{"line":83,"column":9},"end":{"line":85,"column":3}}],"line":19},"1":{"loc":{"start":{"line":39,"column":17},"end":{"line":45,"column":17}},"type":"cond-expr","locations":[{"start":{"line":40,"column":18},"end":{"line":40,"column":65}},{"start":{"line":42,"column":18},"end":{"line":44,"column":25}}],"line":39}},"s":{"0":1,"1":0,"2":0,"3":0,"4":0,"5":0,"6":0,"7":0,"8":1},"f":{"0":0},"b":{"0":[0,0],"1":[0,0]},"_coverageSchema":"1a1c01bbd47fc00a2c39e90264f33305004495a9","hash":"85f7c19c47d147c7ea90ecfd131030118d6c6aef"}
,"C:\\Users\\I538779\\Documents\\Universitaet\\Newtry\\src\\navigation\\Tabs.js": {"path":"C:\\Users\\I538779\\Documents\\Universitaet\\Newtry\\src\\navigation\\Tabs.js","statementMap":{"0":{"start":{"line":10,"column":12},"end":{"line":10,"column":38}},"1":{"start":{"line":13,"column":2},"end":{"line":25,"column":4}},"2":{"start":{"line":29,"column":2},"end":{"line":91,"column":4}},"3":{"start":{"line":32,"column":37},"end":{"line":42,"column":9}},"4":{"start":{"line":49,"column":14},"end":{"line":54,"column":21}},"5":{"start":{"line":65,"column":14},"end":{"line":68,"column":16}},"6":{"start":{"line":71,"column":35},"end":{"line":71,"column":60}},"7":{"start":{"line":80,"column":14},"end":{"line":85,"column":21}},"8":{"start":{"line":94,"column":15},"end":{"line":140,"column":2}}},"fnMap":{"0":{"name":"ScanTabBar","decl":{"start":{"line":12,"column":9},"end":{"line":12,"column":19}},"loc":{"start":{"line":12,"column":41},"end":{"line":26,"column":1}},"line":12},"1":{"name":"Tabs","decl":{"start":{"line":28,"column":9},"end":{"line":28,"column":13}},"loc":{"start":{"line":28,"column":16},"end":{"line":92,"column":1}},"line":28},"2":{"name":"(anonymous_2)","decl":{"start":{"line":32,"column":23},"end":{"line":32,"column":24}},"loc":{"start":{"line":32,"column":37},"end":{"line":42,"column":9}},"line":32},"3":{"name":"(anonymous_3)","decl":{"start":{"line":48,"column":24},"end":{"line":48,"column":25}},"loc":{"start":{"line":49,"column":14},"end":{"line":54,"column":21}},"line":49},"4":{"name":"(anonymous_4)","decl":{"start":{"line":64,"column":24},"end":{"line":64,"column":25}},"loc":{"start":{"line":65,"column":14},"end":{"line":68,"column":16}},"line":65},"5":{"name":"(anonymous_5)","decl":{"start":{"line":71,"column":26},"end":{"line":71,"column":27}},"loc":{"start":{"line":71,"column":35},"end":{"line":71,"column":60}},"line":71},"6":{"name":"(anonymous_6)","decl":{"start":{"line":79,"column":24},"end":{"line":79,"column":25}},"loc":{"start":{"line":80,"column":14},"end":{"line":85,"column":21}},"line":80}},"branchMap":{},"s":{"0":1,"1":0,"2":0,"3":0,"4":0,"5":0,"6":0,"7":0,"8":1},"f":{"0":0,"1":0,"2":0,"3":0,"4":0,"5":0,"6":0},"b":{},"_coverageSchema":"1a1c01bbd47fc00a2c39e90264f33305004495a9","hash":"ade9d8bf1519592baa6fdc58aab1fda3680dbed7"}
,"C:\\Users\\I538779\\Documents\\Universitaet\\Newtry\\src\\navigation\\screens\\HomeScreen.js": {"path":"C:\\Users\\I538779\\Documents\\Universitaet\\Newtry\\src\\navigation\\screens\\HomeScreen.js","statementMap":{"0":{"start":{"line":9,"column":19},"end":{"line":116,"column":1}},"1":{"start":{"line":10,"column":40},"end":{"line":10,"column":58}},"2":{"start":{"line":11,"column":38},"end":{"line":11,"column":59}},"3":{"start":{"line":12,"column":48},"end":{"line":12,"column":79}},"4":{"start":{"line":13,"column":2},"end":{"line":13,"column":26}},"5":{"start":{"line":14,"column":36},"end":{"line":16,"column":4}},"6":{"start":{"line":18,"column":24},"end":{"line":30,"column":3}},"7":{"start":{"line":19,"column":4},"end":{"line":29,"column":23}},"8":{"start":{"line":21,"column":8},"end":{"line":21,"column":57}},"9":{"start":{"line":22,"column":8},"end":{"line":24,"column":15}},"10":{"start":{"line":23,"column":10},"end":{"line":23,"column":24}},"11":{"start":{"line":32,"column":21},"end":{"line":50,"column":3}},"12":{"start":{"line":33,"column":4},"end":{"line":33,"column":69}},"13":{"start":{"line":34,"column":4},"end":{"line":34,"column":24}},"14":{"start":{"line":35,"column":4},"end":{"line":49,"column":9}},"15":{"start":{"line":37,"column":18},"end":{"line":43,"column":10}},"16":{"start":{"line":38,"column":10},"end":{"line":42,"column":12}},"17":{"start":{"line":44,"column":8},"end":{"line":44,"column":24}},"18":{"start":{"line":47,"column":8},"end":{"line":47,"column":71}},"19":{"start":{"line":48,"column":8},"end":{"line":48,"column":39}},"20":{"start":{"line":52,"column":24},"end":{"line":64,"column":3}},"21":{"start":{"line":53,"column":4},"end":{"line":63,"column":23}},"22":{"start":{"line":55,"column":8},"end":{"line":55,"column":57}},"23":{"start":{"line":56,"column":8},"end":{"line":58,"column":15}},"24":{"start":{"line":57,"column":10},"end":{"line":57,"column":24}},"25":{"start":{"line":65,"column":22},"end":{"line":69,"column":3}},"26":{"start":{"line":66,"column":4},"end":{"line":66,"column":25}},"27":{"start":{"line":67,"column":4},"end":{"line":67,"column":69}},"28":{"start":{"line":68,"column":4},"end":{"line":68,"column":23}},"29":{"start":{"line":70,"column":30},"end":{"line":77,"column":3}},"30":{"start":{"line":71,"column":23},"end":{"line":71,"column":64}},"31":{"start":{"line":72,"column":4},"end":{"line":76,"column":6}},"32":{"start":{"line":74,"column":8},"end":{"line":74,"column":52}},"33":{"start":{"line":78,"column":2},"end":{"line":115,"column":4}},"34":{"start":{"line":120,"column":15},"end":{"line":181,"column":2}}},"fnMap":{"0":{"name":"(anonymous_0)","decl":{"start":{"line":9,"column":19},"end":{"line":9,"column":20}},"loc":{"start":{"line":9,"column":44},"end":{"line":116,"column":1}},"line":9},"1":{"name":"(anonymous_1)","decl":{"start":{"line":18,"column":24},"end":{"line":18,"column":25}},"loc":{"start":{"line":19,"column":4},"end":{"line":29,"column":23}},"line":19},"2":{"name":"(anonymous_2)","decl":{"start":{"line":20,"column":15},"end":{"line":20,"column":16}},"loc":{"start":{"line":20,"column":21},"end":{"line":25,"column":7}},"line":20},"3":{"name":"(anonymous_3)","decl":{"start":{"line":22,"column":19},"end":{"line":22,"column":20}},"loc":{"start":{"line":22,"column":31},"end":{"line":24,"column":9}},"line":22},"4":{"name":"(anonymous_4)","decl":{"start":{"line":32,"column":21},"end":{"line":32,"column":22}},"loc":{"start":{"line":32,"column":27},"end":{"line":50,"column":3}},"line":32},"5":{"name":"(anonymous_5)","decl":{"start":{"line":36,"column":12},"end":{"line":36,"column":13}},"loc":{"start":{"line":36,"column":22},"end":{"line":45,"column":7}},"line":36},"6":{"name":"(anonymous_6)","decl":{"start":{"line":37,"column":29},"end":{"line":37,"column":30}},"loc":{"start":{"line":37,"column":36},"end":{"line":43,"column":9}},"line":37},"7":{"name":"(anonymous_7)","decl":{"start":{"line":46,"column":13},"end":{"line":46,"column":14}},"loc":{"start":{"line":46,"column":22},"end":{"line":49,"column":7}},"line":46},"8":{"name":"(anonymous_8)","decl":{"start":{"line":52,"column":24},"end":{"line":52,"column":25}},"loc":{"start":{"line":53,"column":4},"end":{"line":63,"column":23}},"line":53},"9":{"name":"(anonymous_9)","decl":{"start":{"line":54,"column":15},"end":{"line":54,"column":16}},"loc":{"start":{"line":54,"column":21},"end":{"line":59,"column":7}},"line":54},"10":{"name":"(anonymous_10)","decl":{"start":{"line":56,"column":19},"end":{"line":56,"column":20}},"loc":{"start":{"line":56,"column":31},"end":{"line":58,"column":9}},"line":56},"11":{"name":"(anonymous_11)","decl":{"start":{"line":65,"column":22},"end":{"line":65,"column":23}},"loc":{"start":{"line":65,"column":28},"end":{"line":69,"column":3}},"line":65},"12":{"name":"(anonymous_12)","decl":{"start":{"line":70,"column":30},"end":{"line":70,"column":31}},"loc":{"start":{"line":70,"column":45},"end":{"line":77,"column":3}},"line":70},"13":{"name":"(anonymous_13)","decl":{"start":{"line":73,"column":21},"end":{"line":73,"column":22}},"loc":{"start":{"line":73,"column":35},"end":{"line":75,"column":7}},"line":73}},"branchMap":{},"s":{"0":1,"1":0,"2":0,"3":0,"4":0,"5":0,"6":0,"7":0,"8":0,"9":0,"10":0,"11":0,"12":0,"13":0,"14":0,"15":0,"16":0,"17":0,"18":0,"19":0,"20":0,"21":0,"22":0,"23":0,"24":0,"25":0,"26":0,"27":0,"28":0,"29":0,"30":0,"31":0,"32":0,"33":0,"34":1},"f":{"0":0,"1":0,"2":0,"3":0,"4":0,"5":0,"6":0,"7":0,"8":0,"9":0,"10":0,"11":0,"12":0,"13":0},"b":{},"_coverageSchema":"1a1c01bbd47fc00a2c39e90264f33305004495a9","hash":"217c5e9a99fb028ff42a8fec98b2d864350afd08"}
,"C:\\Users\\I538779\\Documents\\Universitaet\\Newtry\\src\\navigation\\screens\\ScanScreen.js": {"path":"C:\\Users\\I538779\\Documents\\Universitaet\\Newtry\\src\\navigation\\screens\\ScanScreen.js","statementMap":{"0":{"start":{"line":7,"column":22},"end":{"line":10,"column":1}},"1":{"start":{"line":8,"column":23},"end":{"line":8,"column":29}},"2":{"start":{"line":9,"column":2},"end":{"line":9,"column":52}},"3":{"start":{"line":12,"column":19},"end":{"line":43,"column":1}},"4":{"start":{"line":13,"column":2},"end":{"line":13,"column":19}},"5":{"start":{"line":15,"column":2},"end":{"line":42,"column":4}},"6":{"start":{"line":30,"column":10},"end":{"line":32,"column":11}},"7":{"start":{"line":31,"column":12},"end":{"line":31,"column":50}},"8":{"start":{"line":33,"column":10},"end":{"line":38,"column":12}},"9":{"start":{"line":45,"column":15},"end":{"line":62,"column":2}}},"fnMap":{"0":{"name":"(anonymous_0)","decl":{"start":{"line":7,"column":22},"end":{"line":7,"column":23}},"loc":{"start":{"line":7,"column":27},"end":{"line":10,"column":1}},"line":7},"1":{"name":"(anonymous_1)","decl":{"start":{"line":12,"column":19},"end":{"line":12,"column":20}},"loc":{"start":{"line":12,"column":37},"end":{"line":43,"column":1}},"line":12},"2":{"name":"(anonymous_2)","decl":{"start":{"line":29,"column":9},"end":{"line":29,"column":10}},"loc":{"start":{"line":29,"column":23},"end":{"line":39,"column":9}},"line":29}},"branchMap":{"0":{"loc":{"start":{"line":30,"column":10},"end":{"line":32,"column":11}},"type":"if","locations":[{"start":{"line":30,"column":10},"end":{"line":32,"column":11}},{"start":{},"end":{}}],"line":30}},"s":{"0":1,"1":0,"2":0,"3":1,"4":0,"5":0,"6":0,"7":0,"8":0,"9":1},"f":{"0":0,"1":0,"2":0},"b":{"0":[0,0]},"_coverageSchema":"1a1c01bbd47fc00a2c39e90264f33305004495a9","hash":"1c4c0cb21afbaaa2a4d02bf18af385e03456a59d"}
,"C:\\Users\\I538779\\Documents\\Universitaet\\Newtry\\src\\navigation\\screens\\SettingsScreen.js": {"path":"C:\\Users\\I538779\\Documents\\Universitaet\\Newtry\\src\\navigation\\screens\\SettingsScreen.js","statementMap":{"0":{"start":{"line":12,"column":18},"end":{"line":68,"column":1}},"1":{"start":{"line":13,"column":36},"end":{"line":13,"column":51}},"2":{"start":{"line":14,"column":25},"end":{"line":14,"column":56}},"3":{"start":{"line":15,"column":26},"end":{"line":15,"column":49}},"4":{"start":{"line":17,"column":25},"end":{"line":34,"column":3}},"5":{"start":{"line":18,"column":4},"end":{"line":18,"column":23}},"6":{"start":{"line":19,"column":4},"end":{"line":19,"column":45}},"7":{"start":{"line":20,"column":4},"end":{"line":32,"column":5}},"8":{"start":{"line":21,"column":24},"end":{"line":21,"column":51}},"9":{"start":{"line":22,"column":31},"end":{"line":22,"column":74}},"10":{"start":{"line":23,"column":29},"end":{"line":25,"column":7}},"11":{"start":{"line":26,"column":6},"end":{"line":26,"column":35}},"12":{"start":{"line":27,"column":6},"end":{"line":27,"column":44}},"13":{"start":{"line":28,"column":6},"end":{"line":28,"column":34}},"14":{"start":{"line":30,"column":6},"end":{"line":30,"column":46}},"15":{"start":{"line":31,"column":6},"end":{"line":31,"column":22}},"16":{"start":{"line":33,"column":4},"end":{"line":33,"column":24}},"17":{"start":{"line":36,"column":19},"end":{"line":40,"column":3}},"18":{"start":{"line":37,"column":4},"end":{"line":37,"column":34}},"19":{"start":{"line":38,"column":4},"end":{"line":38,"column":21}},"20":{"start":{"line":39,"column":4},"end":{"line":39,"column":31}},"21":{"start":{"line":42,"column":2},"end":{"line":67,"column":3}},"22":{"start":{"line":44,"column":4},"end":{"line":52,"column":6}},"23":{"start":{"line":55,"column":4},"end":{"line":66,"column":6}},"24":{"start":{"line":70,"column":23},"end":{"line":110,"column":1}},"25":{"start":{"line":71,"column":41},"end":{"line":71,"column":72}},"26":{"start":{"line":73,"column":2},"end":{"line":109,"column":4}},"27":{"start":{"line":95,"column":10},"end":{"line":105,"column":21}},"28":{"start":{"line":99,"column":14},"end":{"line":99,"column":42}},"29":{"start":{"line":114,"column":17},"end":{"line":136,"column":1}},"30":{"start":{"line":115,"column":2},"end":{"line":135,"column":3}},"31":{"start":{"line":116,"column":4},"end":{"line":124,"column":6}},"32":{"start":{"line":126,"column":4},"end":{"line":134,"column":6}},"33":{"start":{"line":138,"column":15},"end":{"line":190,"column":2}}},"fnMap":{"0":{"name":"(anonymous_0)","decl":{"start":{"line":12,"column":18},"end":{"line":12,"column":19}},"loc":{"start":{"line":12,"column":24},"end":{"line":68,"column":1}},"line":12},"1":{"name":"(anonymous_1)","decl":{"start":{"line":17,"column":25},"end":{"line":17,"column":26}},"loc":{"start":{"line":17,"column":37},"end":{"line":34,"column":3}},"line":17},"2":{"name":"(anonymous_2)","decl":{"start":{"line":36,"column":19},"end":{"line":36,"column":20}},"loc":{"start":{"line":36,"column":25},"end":{"line":40,"column":3}},"line":36},"3":{"name":"(anonymous_3)","decl":{"start":{"line":70,"column":23},"end":{"line":70,"column":24}},"loc":{"start":{"line":70,"column":29},"end":{"line":110,"column":1}},"line":70},"4":{"name":"(anonymous_4)","decl":{"start":{"line":94,"column":50},"end":{"line":94,"column":51}},"loc":{"start":{"line":95,"column":10},"end":{"line":105,"column":21}},"line":95},"5":{"name":"(anonymous_5)","decl":{"start":{"line":98,"column":21},"end":{"line":98,"column":22}},"loc":{"start":{"line":98,"column":27},"end":{"line":100,"column":13}},"line":98},"6":{"name":"(anonymous_6)","decl":{"start":{"line":114,"column":17},"end":{"line":114,"column":18}},"loc":{"start":{"line":114,"column":32},"end":{"line":136,"column":1}},"line":114}},"branchMap":{"0":{"loc":{"start":{"line":42,"column":2},"end":{"line":67,"column":3}},"type":"if","locations":[{"start":{"line":42,"column":2},"end":{"line":67,"column":3}},{"start":{"line":53,"column":9},"end":{"line":67,"column":3}}],"line":42},"1":{"loc":{"start":{"line":115,"column":2},"end":{"line":135,"column":3}},"type":"if","locations":[{"start":{"line":115,"column":2},"end":{"line":135,"column":3}},{"start":{"line":125,"column":9},"end":{"line":135,"column":3}}],"line":115}},"s":{"0":1,"1":0,"2":0,"3":0,"4":0,"5":0,"6":0,"7":0,"8":0,"9":0,"10":0,"11":0,"12":0,"13":0,"14":0,"15":0,"16":0,"17":0,"18":0,"19":0,"20":0,"21":0,"22":0,"23":0,"24":1,"25":0,"26":0,"27":0,"28":0,"29":1,"30":0,"31":0,"32":0,"33":1},"f":{"0":0,"1":0,"2":0,"3":0,"4":0,"5":0,"6":0},"b":{"0":[0,0],"1":[0,0]},"_coverageSchema":"1a1c01bbd47fc00a2c39e90264f33305004495a9","hash":"c9410ebcd3ad089b8c027ec72b5991e1dc6900ac"}
,"C:\\Users\\I538779\\Documents\\Universitaet\\Newtry\\src\\store\\Nutrition.js": {"path":"C:\\Users\\I538779\\Documents\\Universitaet\\Newtry\\src\\store\\Nutrition.js","statementMap":{"0":{"start":{"line":19,"column":4},"end":{"line":19,"column":29}},"1":{"start":{"line":20,"column":4},"end":{"line":20,"column":29}},"2":{"start":{"line":21,"column":4},"end":{"line":21,"column":37}},"3":{"start":{"line":22,"column":4},"end":{"line":22,"column":39}},"4":{"start":{"line":23,"column":4},"end":{"line":23,"column":23}},"5":{"start":{"line":24,"column":4},"end":{"line":24,"column":27}},"6":{"start":{"line":25,"column":4},"end":{"line":25,"column":21}}},"fnMap":{"0":{"name":"(anonymous_0)","decl":{"start":{"line":10,"column":2},"end":{"line":10,"column":3}},"loc":{"start":{"line":18,"column":4},"end":{"line":26,"column":3}},"line":18}},"branchMap":{},"s":{"0":0,"1":0,"2":0,"3":0,"4":0,"5":0,"6":0},"f":{"0":0},"b":{},"_coverageSchema":"1a1c01bbd47fc00a2c39e90264f33305004495a9","hash":"499771274c62682bc1e1d515a0a793066570e243"}
,"C:\\Users\\I538779\\Documents\\Universitaet\\Newtry\\src\\store\\Product.js": {"path":"C:\\Users\\I538779\\Documents\\Universitaet\\Newtry\\src\\store\\Product.js","statementMap":{"0":{"start":{"line":14,"column":4},"end":{"line":14,"column":39}},"1":{"start":{"line":27,"column":4},"end":{"line":27,"column":21}},"2":{"start":{"line":28,"column":4},"end":{"line":28,"column":21}},"3":{"start":{"line":29,"column":4},"end":{"line":29,"column":35}},"4":{"start":{"line":30,"column":4},"end":{"line":30,"column":31}},"5":{"start":{"line":31,"column":4},"end":{"line":31,"column":35}},"6":{"start":{"line":32,"column":4},"end":{"line":32,"column":39}},"7":{"start":{"line":33,"column":4},"end":{"line":33,"column":33}},"8":{"start":{"line":34,"column":4},"end":{"line":34,"column":29}}},"fnMap":{"0":{"name":"(anonymous_0)","decl":{"start":{"line":13,"column":2},"end":{"line":13,"column":3}},"loc":{"start":{"line":13,"column":19},"end":{"line":15,"column":3}},"line":13},"1":{"name":"(anonymous_1)","decl":{"start":{"line":17,"column":2},"end":{"line":17,"column":3}},"loc":{"start":{"line":26,"column":4},"end":{"line":35,"column":3}},"line":26}},"branchMap":{},"s":{"0":0,"1":0,"2":0,"3":0,"4":0,"5":0,"6":0,"7":0,"8":0},"f":{"0":0,"1":0},"b":{},"_coverageSchema":"1a1c01bbd47fc00a2c39e90264f33305004495a9","hash":"699e5aa6c8610f9e5d0252d0aa0b0f0d0f2e15e2"}
}
